Using Theano backend.
/home/harms.n/anaconda2/envs/rmg_env/lib/python2.7/site-packages/h5py/__init__.py:36: FutureWarning: Conversion of the second argument of issubdtype from `float` to `np.floating` is deprecated. In future, it will be treated as `np.float64 == np.dtype(float).type`.
  from ._conv import register_converters as _register_converters
systematic0.py:179 systematic_search INFO There are 432 unique conformers generated






 _           _    _     _ _
| |__   ___ | |_ | |__ |_| |_
|  _ \ / _ \|  _||  _ \| |  _|
| | | | ( ) | |_ | ( ) | | |_
|_| |_|\___/ \__|\____/|_|\__|  ver. 0.1 (svn=exported)
Distributed under GNU GPL; see /home/harms.n/Code/hotbit/lib/python/LICENSE
Date: Mon Sep 23 09:55:10 2019
Nodename: c3041
Arch: x86_64
Dir: /home/harms.n/Code/profiling-conformers
System: H10C5O2
       Charge= 0.0
       Container Bravais: pbc:[0,0,0], cell:[0.00,0.00,0.00] Ang, 
   cosines(12,13,23):[nan,nan,nan]
Symmetry operations (if any):
       0: pbc= False , kappa-points=1, M=1
       1: pbc= False , kappa-points=1, M=1
       2: pbc= False , kappa-points=1, M=1
Electronic temperature: 0.02 eV
Mixer: Anderson with memory = 3 , mixing parameter = 0.2
17 atoms, 38 states, 42.0 electrons (21.0 filled states)
Initial n ranges:[0,0] [0,0] [0,0] 
Element O in /home/harms.n/Code/hotbit/param/O.elm
    *no comment
Element C in /home/harms.n/Code/hotbit/param/C.elm
    *fixed set C
Element H in /home/harms.n/Code/hotbit/param/H.elm
    *no comment

Interactions:
  OO in /home/harms.n/Code/hotbit/param/O_O.par
    *no slako doc
  OC in /home/harms.n/Code/hotbit/param/C_O.par
    *no slako doc
  OH in /home/harms.n/Code/hotbit/param/O_H.par
    *no slako doc
  CO in /home/harms.n/Code/hotbit/param/C_O.par
    *no slako doc
  CC in /home/harms.n/Code/hotbit/param/C_C.par
    *test parameters 23.6 2008
    *Quadratic original (r/r0)**2, r0=1.85*r_cov,
    *Original repulsion (probably)
  CH in /home/harms.n/Code/hotbit/param/C_H.par
    *test parameters 23.6 2008
  HO in /home/harms.n/Code/hotbit/param/O_H.par
    *no slako doc
  HC in /home/harms.n/Code/hotbit/param/C_H.par
    *test parameters 23.6 2008
  HH in /home/harms.n/Code/hotbit/param/H_H.par
    *test parameters 23.6 2008

Repulsions:
  OO in /home/harms.n/Code/hotbit/param/O_O.par
    *no repulsion doc
  OC in /home/harms.n/Code/hotbit/param/C_O.par
    *no repulsion doc
  OH in /home/harms.n/Code/hotbit/param/O_H.par
    *no repulsion doc
  CC in /home/harms.n/Code/hotbit/param/C_C.par
    *test parameters 23.6 2008
  CH in /home/harms.n/Code/hotbit/param/C_H.par
    *test parameters 23.6 2008
  HH in /home/harms.n/Code/hotbit/param/H_H.par
    *test parameters 23.6 2008

Memory consumption estimate: > 0.00 GB
Memory consumption estimate: > 0.00 GB
Memory consumption estimate: > 0.00 GB
Memory consumption estimate: > 0.00 GB
Memory consumption estimate: > 0.00 GB
Memory consumption estimate: > 0.00 GB
Memory consumption estimate: > 0.00 GB
Memory consumption estimate: > 0.00 GB
Memory consumption estimate: > 0.00 GB
Memory consumption estimate: > 0.00 GB
Memory consumption estimate: > 0.00 GB
Memory consumption estimate: > 0.00 GB
Memory consumption estimate: > 0.00 GB
Memory consumption estimate: > 0.00 GB
Hamiltonian ~93.075 % filled.
Memory consumption estimate: > 0.00 GB
Memory consumption estimate: > 0.00 GB
Memory consumption estimate: > 0.00 GB
Memory consumption estimate: > 0.00 GB
Memory consumption estimate: > 0.00 GB
Memory consumption estimate: > 0.00 GB
Hamiltonian ~93.075 % filled.
Hamiltonian ~94.044 % filled.
Hamiltonian ~93.075 % filled.
Hamiltonian ~93.075 % filled.
Hamiltonian ~94.044 % filled.
Hamiltonian ~94.044 % filled.
Hamiltonian ~94.044 % filled.
Hamiltonian ~93.075 % filled.
Hamiltonian ~94.044 % filled.
Hamiltonian ~94.044 % filled.
Hamiltonian ~93.075 % filled.
Hamiltonian ~92.936 % filled.
Hamiltonian ~92.936 % filled.
Hamiltonian ~92.936 % filled.
Hamiltonian ~92.936 % filled.
Hamiltonian ~93.075 % filled.
Hamiltonian ~93.075 % filled.
Hamiltonian ~92.798 % filled.
Hamiltonian ~93.075 % filled.
Memory consumption estimate: > 0.00 GB
Hamiltonian ~92.936 % filled.
Memory consumption estimate: > 0.00 GB
Hamiltonian ~93.075 % filled.
Memory consumption estimate: > 0.00 GB
Memory consumption estimate: > 0.00 GB
Memory consumption estimate: > 0.00 GB
Hamiltonian ~92.936 % filled.
Memory consumption estimate: > 0.00 GB
Hamiltonian ~93.075 % filled.
Hamiltonian ~92.105 % filled.
Hamiltonian ~93.767 % filled.
Memory consumption estimate: > 0.00 GB
Hamiltonian ~92.105 % filled.
Memory consumption estimate: > 0.00 GB
Hamiltonian ~93.767 % filled.
Memory consumption estimate: > 0.00 GB
Hamiltonian ~92.105 % filled.
Memory consumption estimate: > 0.00 GB
Hamiltonian ~93.767 % filled.
Memory consumption estimate: > 0.00 GB
Hamiltonian ~92.105 % filled.
Memory consumption estimate: > 0.00 GB
Hamiltonian ~93.767 % filled.
Memory consumption estimate: > 0.00 GB
Memory consumption estimate: > 0.00 GB
Hamiltonian ~92.105 % filled.
Hamiltonian ~93.767 % filled.
Memory consumption estimate: > 0.00 GB
Hamiltonian ~92.105 % filled.
Memory consumption estimate: > 0.00 GB
Memory consumption estimate: > 0.00 GB
Hamiltonian ~93.767 % filled.
Hamiltonian ~92.936 % filled.
Memory consumption estimate: > 0.00 GB
Memory consumption estimate: > 0.00 GB
Memory consumption estimate: > 0.00 GB
Hamiltonian ~92.936 % filled.
Hamiltonian ~92.936 % filled.
Memory consumption estimate: > 0.00 GB
Hamiltonian ~93.075 % filled.
Hamiltonian ~92.936 % filled.
Memory consumption estimate: > 0.00 GB
Hamiltonian ~93.075 % filled.
Memory consumption estimate: > 0.00 GB
Hamiltonian ~92.936 % filled.
Memory consumption estimate: > 0.00 GB
Memory consumption estimate: > 0.00 GB
Memory consumption estimate: > 0.00 GB
Hamiltonian ~93.075 % filled.
Hamiltonian ~93.075 % filled.
Hamiltonian ~92.936 % filled.
Memory consumption estimate: > 0.00 GB
Hamiltonian ~92.936 % filled.
Memory consumption estimate: > 0.00 GB
Hamiltonian ~93.075 % filled.
Memory consumption estimate: > 0.00 GB
Memory consumption estimate: > 0.00 GB
Hamiltonian ~92.936 % filled.
Memory consumption estimate: > 0.00 GB
Hamiltonian ~93.906 % filled.
Hamiltonian ~92.936 % filled.
Memory consumption estimate: > 0.00 GB
Hamiltonian ~93.906 % filled.
Memory consumption estimate: > 0.00 GB
Hamiltonian ~92.936 % filled.
Memory consumption estimate: > 0.00 GB
Memory consumption estimate: > 0.00 GB
Hamiltonian ~93.906 % filled.
Hamiltonian ~92.936 % filled.
Memory consumption estimate: > 0.00 GB
Hamiltonian ~93.906 % filled.
Memory consumption estimate: > 0.00 GB
Hamiltonian ~92.936 % filled.
Memory consumption estimate: > 0.00 GB
Memory consumption estimate: > 0.00 GB
Hamiltonian ~93.906 % filled.
Hamiltonian ~92.936 % filled.
Memory consumption estimate: > 0.00 GB
Memory consumption estimate: > 0.00 GB
Hamiltonian ~93.906 % filled.
Hamiltonian ~93.767 % filled.
Memory consumption estimate: > 0.00 GB
Hamiltonian ~94.183 % filled.
Memory consumption estimate: > 0.00 GB
Hamiltonian ~93.767 % filled.
Memory consumption estimate: > 0.00 GB
Hamiltonian ~94.183 % filled.
Memory consumption estimate: > 0.00 GB
Hamiltonian ~93.767 % filled.
Memory consumption estimate: > 0.00 GB
Hamiltonian ~94.183 % filled.
Memory consumption estimate: > 0.00 GB
Hamiltonian ~93.767 % filled.
Memory consumption estimate: > 0.00 GB
Hamiltonian ~94.183 % filled.
Memory consumption estimate: > 0.00 GB
Memory consumption estimate: > 0.00 GB
Hamiltonian ~93.767 % filled.
Hamiltonian ~94.183 % filled.
Memory consumption estimate: > 0.00 GB
Hamiltonian ~93.767 % filled.
Memory consumption estimate: > 0.00 GB
Hamiltonian ~94.183 % filled.
Memory consumption estimate: > 0.00 GB
Hamiltonian ~93.075 % filled.
Memory consumption estimate: > 0.00 GB
Hamiltonian ~92.244 % filled.
Memory consumption estimate: > 0.00 GB
Hamiltonian ~92.798 % filled.
Memory consumption estimate: > 0.00 GB
Hamiltonian ~92.936 % filled.
Memory consumption estimate: > 0.00 GB
Memory consumption estimate: > 0.00 GB
Hamiltonian ~92.798 % filled.
Hamiltonian ~93.213 % filled.
Memory consumption estimate: > 0.00 GB
Hamiltonian ~93.075 % filled.
Memory consumption estimate: > 0.00 GB
Memory consumption estimate: > 0.00 GB
Hamiltonian ~93.213 % filled.
Hamiltonian ~93.075 % filled.
Memory consumption estimate: > 0.00 GB
Hamiltonian ~93.075 % filled.
Memory consumption estimate: > 0.00 GB
Hamiltonian ~93.075 % filled.
Memory consumption estimate: > 0.00 GB
Hamiltonian ~92.244 % filled.
Memory consumption estimate: > 0.00 GB
Memory consumption estimate: > 0.00 GB
Hamiltonian ~92.244 % filled.
Hamiltonian ~92.659 % filled.
Memory consumption estimate: > 0.00 GB
Hamiltonian ~92.382 % filled.
Memory consumption estimate: > 0.00 GB
Memory consumption estimate: > 0.00 GB
Hamiltonian ~92.798 % filled.
Hamiltonian ~92.382 % filled.
Memory consumption estimate: > 0.00 GB
Memory consumption estimate: > 0.00 GB
Hamiltonian ~93.075 % filled.
Hamiltonian ~92.936 % filled.
Memory consumption estimate: > 0.00 GB
Hamiltonian ~93.075 % filled.
Memory consumption estimate: > 0.00 GB
Hamiltonian ~93.075 % filled.
Memory consumption estimate: > 0.00 GB
Hamiltonian ~92.936 % filled.
Memory consumption estimate: > 0.00 GB
Memory consumption estimate: > 0.00 GB
Hamiltonian ~93.075 % filled.
Hamiltonian ~92.659 % filled.
Memory consumption estimate: > 0.00 GB
Memory consumption estimate: > 0.00 GB
Hamiltonian ~92.105 % filled.
Hamiltonian ~91.967 % filled.
Memory consumption estimate: > 0.00 GB
Hamiltonian ~91.967 % filled.
Memory consumption estimate: > 0.00 GB
Memory consumption estimate: > 0.00 GB
Hamiltonian ~92.659 % filled.
Hamiltonian ~92.105 % filled.
Memory consumption estimate: > 0.00 GB
Hamiltonian ~92.936 % filled.
Memory consumption estimate: > 0.00 GB
Memory consumption estimate: > 0.00 GB
Hamiltonian ~92.105 % filled.
Hamiltonian ~92.936 % filled.
Memory consumption estimate: > 0.00 GB
Hamiltonian ~92.105 % filled.
Memory consumption estimate: > 0.00 GB
Memory consumption estimate: > 0.00 GB
Memory consumption estimate: > 0.00 GB
Hamiltonian ~92.936 % filled.
Hamiltonian ~92.105 % filled.
Hamiltonian ~91.967 % filled.
Memory consumption estimate: > 0.00 GB
Memory consumption estimate: > 0.00 GB
Memory consumption estimate: > 0.00 GB
Hamiltonian ~92.936 % filled.
Hamiltonian ~92.936 % filled.
Hamiltonian ~92.936 % filled.
Memory consumption estimate: > 0.00 GB
Hamiltonian ~92.936 % filled.
Memory consumption estimate: > 0.00 GB
Hamiltonian ~93.075 % filled.
Memory consumption estimate: > 0.00 GB
Memory consumption estimate: > 0.00 GB
Hamiltonian ~93.213 % filled.
Hamiltonian ~93.075 % filled.
Memory consumption estimate: > 0.00 GB
Hamiltonian ~93.213 % filled.
Memory consumption estimate: > 0.00 GB
Hamiltonian ~93.075 % filled.
Memory consumption estimate: > 0.00 GB
Hamiltonian ~93.213 % filled.
Memory consumption estimate: > 0.00 GB
Memory consumption estimate: > 0.00 GB
Hamiltonian ~93.075 % filled.
Hamiltonian ~92.936 % filled.
Memory consumption estimate: > 0.00 GB
Memory consumption estimate: > 0.00 GB
Memory consumption estimate: > 0.00 GB
Hamiltonian ~92.936 % filled.
Hamiltonian ~93.906 % filled.
Hamiltonian ~92.798 % filled.
Memory consumption estimate: > 0.00 GB
Hamiltonian ~93.906 % filled.
Memory consumption estimate: > 0.00 GB
Memory consumption estimate: > 0.00 GB
Hamiltonian ~92.659 % filled.
Hamiltonian ~93.906 % filled.
Memory consumption estimate: > 0.00 GB
Hamiltonian ~92.936 % filled.
Memory consumption estimate: > 0.00 GB
Hamiltonian ~93.906 % filled.
Memory consumption estimate: > 0.00 GB
Memory consumption estimate: > 0.00 GB
Memory consumption estimate: > 0.00 GB
Hamiltonian ~92.936 % filled.
Memory consumption estimate: > 0.00 GB
Memory consumption estimate: > 0.00 GB
Hamiltonian ~93.906 % filled.
Hamiltonian ~92.936 % filled.
Hamiltonian ~93.906 % filled.
Hamiltonian ~93.075 % filled.
Memory consumption estimate: > 0.00 GB
Hamiltonian ~93.906 % filled.
Memory consumption estimate: > 0.00 GB
Hamiltonian ~93.075 % filled.
Memory consumption estimate: > 0.00 GB
Memory consumption estimate: > 0.00 GB
Memory consumption estimate: > 0.00 GB
Hamiltonian ~94.044 % filled.
Hamiltonian ~93.075 % filled.
Hamiltonian ~94.044 % filled.
Memory consumption estimate: > 0.00 GB
Memory consumption estimate: > 0.00 GB
Hamiltonian ~93.767 % filled.
Memory consumption estimate: > 0.00 GB
Hamiltonian ~94.044 % filled.
Hamiltonian ~93.767 % filled.
Memory consumption estimate: > 0.00 GB
Hamiltonian ~93.906 % filled.
Memory consumption estimate: > 0.00 GB
Memory consumption estimate: > 0.00 GB
Hamiltonian ~93.906 % filled.
Hamiltonian ~93.767 % filled.
Memory consumption estimate: > 0.00 GB
Memory consumption estimate: > 0.00 GB
Hamiltonian ~90.166 % filled.
Hamiltonian ~90.859 % filled.
Memory consumption estimate: > 0.00 GB
Hamiltonian ~90.166 % filled.
Memory consumption estimate: > 0.00 GB
Hamiltonian ~90.997 % filled.
Memory consumption estimate: > 0.00 GB
Memory consumption estimate: > 0.00 GB
Hamiltonian ~90.997 % filled.
Hamiltonian ~91.690 % filled.
Memory consumption estimate: > 0.00 GB
Hamiltonian ~91.413 % filled.
Memory consumption estimate: > 0.00 GB
Memory consumption estimate: > 0.00 GB
Hamiltonian ~91.828 % filled.
Memory consumption estimate: > 0.00 GB
Hamiltonian ~91.551 % filled.
Hamiltonian ~91.551 % filled.
Memory consumption estimate: > 0.00 GB
Memory consumption estimate: > 0.00 GB
Memory consumption estimate: > 0.00 GB
Memory consumption estimate: > 0.00 GB
Hamiltonian ~90.997 % filled.
Hamiltonian ~90.305 % filled.
Hamiltonian ~90.166 % filled.
Hamiltonian ~90.443 % filled.
Memory consumption estimate: > 0.00 GB
Memory consumption estimate: > 0.00 GB
Memory consumption estimate: > 0.00 GB
Hamiltonian ~90.028 % filled.
Hamiltonian ~91.136 % filled.
Memory consumption estimate: > 0.00 GB
Hamiltonian ~90.997 % filled.
Memory consumption estimate: > 0.00 GB
Hamiltonian ~91.967 % filled.
Memory consumption estimate: > 0.00 GB
Hamiltonian ~91.413 % filled.
Hamiltonian ~91.967 % filled.
Memory consumption estimate: > 0.00 GB
Hamiltonian ~91.413 % filled.
Memory consumption estimate: > 0.00 GB
Hamiltonian ~91.274 % filled.
Memory consumption estimate: > 0.00 GB
Memory consumption estimate: > 0.00 GB
Hamiltonian ~90.997 % filled.
Memory consumption estimate: > 0.00 GB
Hamiltonian ~90.582 % filled.
Memory consumption estimate: > 0.00 GB
Hamiltonian ~90.166 % filled.
Hamiltonian ~90.859 % filled.
Memory consumption estimate: > 0.00 GB
Hamiltonian ~90.028 % filled.
Memory consumption estimate: > 0.00 GB
Hamiltonian ~90.859 % filled.
Memory consumption estimate: > 0.00 GB
Memory consumption estimate: > 0.00 GB
Hamiltonian ~90.305 % filled.
Memory consumption estimate: > 0.00 GB
Hamiltonian ~91.551 % filled.
Hamiltonian ~90.720 % filled.
Memory consumption estimate: > 0.00 GB
Memory consumption estimate: > 0.00 GB
Memory consumption estimate: > 0.00 GB
Hamiltonian ~91.828 % filled.
Memory consumption estimate: > 0.00 GB
Hamiltonian ~90.997 % filled.
Hamiltonian ~90.720 % filled.
Hamiltonian ~90.305 % filled.
Memory consumption estimate: > 0.00 GB
Memory consumption estimate: > 0.00 GB
Memory consumption estimate: > 0.00 GB
Memory consumption estimate: > 0.00 GB
Hamiltonian ~90.859 % filled.
Hamiltonian ~90.443 % filled.
Hamiltonian ~91.136 % filled.
Memory consumption estimate: > 0.00 GB
Hamiltonian ~90.443 % filled.
Hamiltonian ~91.551 % filled.
Memory consumption estimate: > 0.00 GB
Hamiltonian ~90.997 % filled.
Memory consumption estimate: > 0.00 GB
Hamiltonian ~92.382 % filled.
Memory consumption estimate: > 0.00 GB
Memory consumption estimate: > 0.00 GB
Hamiltonian ~91.828 % filled.
Memory consumption estimate: > 0.00 GB
Hamiltonian ~92.382 % filled.
Hamiltonian ~91.828 % filled.
Memory consumption estimate: > 0.00 GB
Hamiltonian ~92.382 % filled.
Memory consumption estimate: > 0.00 GB
Hamiltonian ~91.828 % filled.
Memory consumption estimate: > 0.00 GB
Memory consumption estimate: > 0.00 GB
Memory consumption estimate: > 0.00 GB
Hamiltonian ~91.136 % filled.
Memory consumption estimate: > 0.00 GB
Hamiltonian ~91.690 % filled.
Hamiltonian ~93.490 % filled.
Hamiltonian ~91.690 % filled.
Memory consumption estimate: > 0.00 GB
Hamiltonian ~93.629 % filled.
Memory consumption estimate: > 0.00 GB
Hamiltonian ~92.659 % filled.
Memory consumption estimate: > 0.00 GB
Hamiltonian ~93.906 % filled.
Memory consumption estimate: > 0.00 GB
Hamiltonian ~93.075 % filled.
Memory consumption estimate: > 0.00 GB
Hamiltonian ~93.906 % filled.
Memory consumption estimate: > 0.00 GB
Memory consumption estimate: > 0.00 GB
Hamiltonian ~93.075 % filled.
Hamiltonian ~93.629 % filled.
Memory consumption estimate: > 0.00 GB
Memory consumption estimate: > 0.00 GB
Hamiltonian ~92.798 % filled.
Hamiltonian ~92.936 % filled.
Memory consumption estimate: > 0.00 GB
Memory consumption estimate: > 0.00 GB
Memory consumption estimate: > 0.00 GB
Hamiltonian ~91.551 % filled.
Memory consumption estimate: > 0.00 GB
Hamiltonian ~92.521 % filled.
Hamiltonian ~91.551 % filled.
Hamiltonian ~92.936 % filled.
Memory consumption estimate: > 0.00 GB
Memory consumption estimate: > 0.00 GB
Hamiltonian ~92.244 % filled.
Hamiltonian ~93.629 % filled.
Memory consumption estimate: > 0.00 GB
Memory consumption estimate: > 0.00 GB
Hamiltonian ~93.490 % filled.
Memory consumption estimate: > 0.00 GB
Hamiltonian ~93.629 % filled.
Hamiltonian ~93.490 % filled.
Memory consumption estimate: > 0.00 GB
Memory consumption estimate: > 0.00 GB
Hamiltonian ~93.075 % filled.
Hamiltonian ~92.936 % filled.
Memory consumption estimate: > 0.00 GB
Memory consumption estimate: > 0.00 GB
Hamiltonian ~92.659 % filled.
Hamiltonian ~90.166 % filled.
Memory consumption estimate: > 0.00 GB
Memory consumption estimate: > 0.00 GB
Memory consumption estimate: > 0.00 GB
Hamiltonian ~90.582 % filled.
Hamiltonian ~90.305 % filled.
Hamiltonian ~90.859 % filled.
Memory consumption estimate: > 0.00 GB
Memory consumption estimate: > 0.00 GB
Hamiltonian ~91.413 % filled.
Hamiltonian ~92.105 % filled.
Memory consumption estimate: > 0.00 GB
Memory consumption estimate: > 0.00 GB
Hamiltonian ~91.413 % filled.
Hamiltonian ~92.244 % filled.
Memory consumption estimate: > 0.00 GB
Memory consumption estimate: > 0.00 GB
Hamiltonian ~91.413 % filled.
Hamiltonian ~92.105 % filled.
Memory consumption estimate: > 0.00 GB
Hamiltonian ~90.166 % filled.
Memory consumption estimate: > 0.00 GB
Memory consumption estimate: > 0.00 GB
Hamiltonian ~90.720 % filled.
Hamiltonian ~89.058 % filled.
Memory consumption estimate: > 0.00 GB
Memory consumption estimate: > 0.00 GB
Hamiltonian ~89.751 % filled.
Hamiltonian ~89.335 % filled.
Memory consumption estimate: > 0.00 GB
Memory consumption estimate: > 0.00 GB
Hamiltonian ~90.028 % filled.
Hamiltonian ~90.582 % filled.
Memory consumption estimate: > 0.00 GB
Hamiltonian ~90.720 % filled.
Memory consumption estimate: > 0.00 GB
Hamiltonian ~90.443 % filled.
Memory consumption estimate: > 0.00 GB
Memory consumption estimate: > 0.00 GB
Memory consumption estimate: > 0.00 GB
Hamiltonian ~91.413 % filled.
Memory consumption estimate: > 0.00 GB
Hamiltonian ~91.274 % filled.
Hamiltonian ~90.028 % filled.
Hamiltonian ~89.197 % filled.
Memory consumption estimate: > 0.00 GB
Memory consumption estimate: > 0.00 GB
Memory consumption estimate: > 0.00 GB
Hamiltonian ~90.028 % filled.
Hamiltonian ~89.058 % filled.
Memory consumption estimate: > 0.00 GB
Hamiltonian ~89.058 % filled.
Hamiltonian ~89.197 % filled.
Memory consumption estimate: > 0.00 GB
Memory consumption estimate: > 0.00 GB
Hamiltonian ~89.197 % filled.
Hamiltonian ~89.751 % filled.
Memory consumption estimate: > 0.00 GB
Hamiltonian ~90.582 % filled.
Memory consumption estimate: > 0.00 GB
Hamiltonian ~89.751 % filled.
Memory consumption estimate: > 0.00 GB
Hamiltonian ~90.720 % filled.
Memory consumption estimate: > 0.00 GB
Memory consumption estimate: > 0.00 GB
Hamiltonian ~89.889 % filled.
Hamiltonian ~90.582 % filled.
Memory consumption estimate: > 0.00 GB
Memory consumption estimate: > 0.00 GB
Memory consumption estimate: > 0.00 GB
Hamiltonian ~89.058 % filled.
Memory consumption estimate: > 0.00 GB
Hamiltonian ~89.197 % filled.
Hamiltonian ~88.920 % filled.
Hamiltonian ~89.889 % filled.
Memory consumption estimate: > 0.00 GB
Memory consumption estimate: > 0.00 GB
Hamiltonian ~89.058 % filled.
Memory consumption estimate: > 0.00 GB
Memory consumption estimate: > 0.00 GB
Memory consumption estimate: > 0.00 GB
Hamiltonian ~90.028 % filled.
Hamiltonian ~91.413 % filled.
Hamiltonian ~89.889 % filled.
Hamiltonian ~90.443 % filled.
Memory consumption estimate: > 0.00 GB
Memory consumption estimate: > 0.00 GB
Memory consumption estimate: > 0.00 GB
Hamiltonian ~91.551 % filled.
Hamiltonian ~90.443 % filled.
Hamiltonian ~90.859 % filled.
Memory consumption estimate: > 0.00 GB
Memory consumption estimate: > 0.00 GB
Hamiltonian ~89.197 % filled.
Hamiltonian ~90.166 % filled.
Memory consumption estimate: > 0.00 GB
Memory consumption estimate: > 0.00 GB
Hamiltonian ~90.582 % filled.
Hamiltonian ~90.166 % filled.
Memory consumption estimate: > 0.00 GB
Memory consumption estimate: > 0.00 GB
Hamiltonian ~90.028 % filled.
Hamiltonian ~90.859 % filled.
Memory consumption estimate: > 0.00 GB
Memory consumption estimate: > 0.00 GB
Hamiltonian ~91.274 % filled.
Memory consumption estimate: > 0.00 GB
Hamiltonian ~92.105 % filled.
Memory consumption estimate: > 0.00 GB
Hamiltonian ~91.551 % filled.
Hamiltonian ~92.105 % filled.
Memory consumption estimate: > 0.00 GB
Memory consumption estimate: > 0.00 GB
Hamiltonian ~91.136 % filled.
Memory consumption estimate: > 0.00 GB
Hamiltonian ~92.105 % filled.
Hamiltonian ~90.028 % filled.
Memory consumption estimate: > 0.00 GB
Hamiltonian ~90.859 % filled.
Memory consumption estimate: > 0.00 GB
Memory consumption estimate: > 0.00 GB
Memory consumption estimate: > 0.00 GB
Hamiltonian ~90.997 % filled.
Hamiltonian ~91.551 % filled.
Hamiltonian ~91.136 % filled.
Memory consumption estimate: > 0.00 GB
Hamiltonian ~91.690 % filled.
Memory consumption estimate: > 0.00 GB
Hamiltonian ~92.382 % filled.
Memory consumption estimate: > 0.00 GB
Hamiltonian ~92.521 % filled.
Memory consumption estimate: > 0.00 GB
Hamiltonian ~93.075 % filled.
Memory consumption estimate: > 0.00 GB
Hamiltonian ~93.075 % filled.
Memory consumption estimate: > 0.00 GB
Memory consumption estimate: > 0.00 GB
Hamiltonian ~92.521 % filled.
Memory consumption estimate: > 0.00 GB
Hamiltonian ~92.521 % filled.
Memory consumption estimate: > 0.00 GB
Hamiltonian ~91.136 % filled.
Memory consumption estimate: > 0.00 GB
Memory consumption estimate: > 0.00 GB
Memory consumption estimate: > 0.00 GB
Memory consumption estimate: > 0.00 GB
Hamiltonian ~91.690 % filled.
Hamiltonian ~91.690 % filled.
Hamiltonian ~93.352 % filled.
Hamiltonian ~92.936 % filled.
Hamiltonian ~92.659 % filled.
Memory consumption estimate: > 0.00 GB
Hamiltonian ~92.936 % filled.
Memory consumption estimate: > 0.00 GB
Hamiltonian ~93.767 % filled.
Memory consumption estimate: > 0.00 GB
Memory consumption estimate: > 0.00 GB
Memory consumption estimate: > 0.00 GB
Hamiltonian ~92.936 % filled.
Hamiltonian ~92.798 % filled.
Hamiltonian ~93.767 % filled.
Memory consumption estimate: > 0.00 GB
Hamiltonian ~93.767 % filled.
Memory consumption estimate: > 0.00 GB
Memory consumption estimate: > 0.00 GB
Memory consumption estimate: > 0.00 GB
Memory consumption estimate: > 0.00 GB
Hamiltonian ~91.690 % filled.
Hamiltonian ~93.490 % filled.
Hamiltonian ~90.166 % filled.
Memory consumption estimate: > 0.00 GB
Hamiltonian ~90.720 % filled.
Memory consumption estimate: > 0.00 GB
Hamiltonian ~91.136 % filled.
Hamiltonian ~90.859 % filled.
Memory consumption estimate: > 0.00 GB
Hamiltonian ~91.551 % filled.
Memory consumption estimate: > 0.00 GB
Hamiltonian ~91.551 % filled.
Memory consumption estimate: > 0.00 GB
Hamiltonian ~91.274 % filled.
Memory consumption estimate: > 0.00 GB
Hamiltonian ~91.967 % filled.
Memory consumption estimate: > 0.00 GB
Memory consumption estimate: > 0.00 GB
Hamiltonian ~90.859 % filled.
Hamiltonian ~91.828 % filled.
Memory consumption estimate: > 0.00 GB
Memory consumption estimate: > 0.00 GB
Hamiltonian ~90.028 % filled.
Memory consumption estimate: > 0.00 GB
Memory consumption estimate: > 0.00 GB
Hamiltonian ~91.136 % filled.
Memory consumption estimate: > 0.00 GB
Hamiltonian ~90.443 % filled.
Hamiltonian ~91.136 % filled.
Memory consumption estimate: > 0.00 GB
Hamiltonian ~90.997 % filled.
Memory consumption estimate: > 0.00 GB
Hamiltonian ~91.136 % filled.
Hamiltonian ~90.997 % filled.
Memory consumption estimate: > 0.00 GB
Hamiltonian ~91.551 % filled.
Memory consumption estimate: > 0.00 GB
Hamiltonian ~90.997 % filled.
Memory consumption estimate: > 0.00 GB
Hamiltonian ~92.105 % filled.
Memory consumption estimate: > 0.00 GB
Hamiltonian ~90.997 % filled.
Memory consumption estimate: > 0.00 GB
Hamiltonian ~91.967 % filled.
Memory consumption estimate: > 0.00 GB
Hamiltonian ~90.443 % filled.
Memory consumption estimate: > 0.00 GB
Memory consumption estimate: > 0.00 GB
Memory consumption estimate: > 0.00 GB
Hamiltonian ~91.274 % filled.
Memory consumption estimate: > 0.00 GB
Memory consumption estimate: > 0.00 GB
Hamiltonian ~90.028 % filled.
Hamiltonian ~89.889 % filled.
Memory consumption estimate: > 0.00 GB
Hamiltonian ~90.166 % filled.
Hamiltonian ~90.443 % filled.
Hamiltonian ~91.413 % filled.
Memory consumption estimate: > 0.00 GB
Hamiltonian ~90.720 % filled.
Memory consumption estimate: > 0.00 GB
Hamiltonian ~91.413 % filled.
Memory consumption estimate: > 0.00 GB
Memory consumption estimate: > 0.00 GB
Memory consumption estimate: > 0.00 GB
Hamiltonian ~91.828 % filled.
Hamiltonian ~90.720 % filled.
Hamiltonian ~91.690 % filled.
Memory consumption estimate: > 0.00 GB
Hamiltonian ~89.751 % filled.
Memory consumption estimate: > 0.00 GB
Hamiltonian ~90.166 % filled.
Memory consumption estimate: > 0.00 GB
Memory consumption estimate: > 0.00 GB
Hamiltonian ~90.305 % filled.
Memory consumption estimate: > 0.00 GB
Hamiltonian ~91.551 % filled.
Memory consumption estimate: > 0.00 GB
Memory consumption estimate: > 0.00 GB
Hamiltonian ~91.551 % filled.
Memory consumption estimate: > 0.00 GB
Hamiltonian ~91.413 % filled.
Hamiltonian ~91.828 % filled.
Hamiltonian ~91.690 % filled.
Memory consumption estimate: > 0.00 GB
Hamiltonian ~91.690 % filled.
Memory consumption estimate: > 0.00 GB
Hamiltonian ~92.244 % filled.
Memory consumption estimate: > 0.00 GB
Memory consumption estimate: > 0.00 GB
Memory consumption estimate: > 0.00 GB
Memory consumption estimate: > 0.00 GB
Hamiltonian ~91.413 % filled.
Memory consumption estimate: > 0.00 GB
Memory consumption estimate: > 0.00 GB
Hamiltonian ~92.521 % filled.
Hamiltonian ~91.551 % filled.
Memory consumption estimate: > 0.00 GB
Hamiltonian ~92.659 % filled.
Hamiltonian ~92.105 % filled.
Hamiltonian ~90.443 % filled.
Hamiltonian ~91.551 % filled.
Memory consumption estimate: > 0.00 GB
Memory consumption estimate: > 0.00 GB
Hamiltonian ~92.659 % filled.
Memory consumption estimate: > 0.00 GB
Memory consumption estimate: > 0.00 GB
Hamiltonian ~92.798 % filled.
Hamiltonian ~93.629 % filled.
Hamiltonian ~93.629 % filled.
Memory consumption estimate: > 0.00 GB
Memory consumption estimate: > 0.00 GB
Memory consumption estimate: > 0.00 GB
Hamiltonian ~93.490 % filled.
Hamiltonian ~92.244 % filled.
Hamiltonian ~93.629 % filled.
Memory consumption estimate: > 0.00 GB
Hamiltonian ~91.551 % filled.
Memory consumption estimate: > 0.00 GB
Hamiltonian ~92.798 % filled.
Memory consumption estimate: > 0.00 GB
Hamiltonian ~92.936 % filled.
Memory consumption estimate: > 0.00 GB
Memory consumption estimate: > 0.00 GB
Hamiltonian ~94.044 % filled.
Hamiltonian ~93.075 % filled.
Memory consumption estimate: > 0.00 GB
Memory consumption estimate: > 0.00 GB
Memory consumption estimate: > 0.00 GB
Hamiltonian ~94.044 % filled.
Hamiltonian ~93.075 % filled.
Hamiltonian ~94.044 % filled.
Memory consumption estimate: > 0.00 GB
Hamiltonian ~92.936 % filled.
Memory consumption estimate: > 0.00 GB
Memory consumption estimate: > 0.00 GB
Hamiltonian ~94.044 % filled.
Hamiltonian ~92.936 % filled.
Memory consumption estimate: > 0.00 GB
Memory consumption estimate: > 0.00 GB
Hamiltonian ~94.044 % filled.
Memory consumption estimate: > 0.00 GB
Hamiltonian ~92.936 % filled.
Hamiltonian ~94.044 % filled.
Memory consumption estimate: > 0.00 GB
Memory consumption estimate: > 0.00 GB
Memory consumption estimate: > 0.00 GB
Hamiltonian ~92.936 % filled.
Hamiltonian ~92.798 % filled.
Hamiltonian ~92.936 % filled.
Memory consumption estimate: > 0.00 GB
Hamiltonian ~92.936 % filled.
Memory consumption estimate: > 0.00 GB
Hamiltonian ~92.936 % filled.
Memory consumption estimate: > 0.00 GB
Memory consumption estimate: > 0.00 GB
Memory consumption estimate: > 0.00 GB
Memory consumption estimate: > 0.00 GB
Memory consumption estimate: > 0.00 GB
Hamiltonian ~93.075 % filled.
Hamiltonian ~92.798 % filled.
Hamiltonian ~93.075 % filled.
Hamiltonian ~92.798 % filled.
Hamiltonian ~93.075 % filled.
Memory consumption estimate: > 0.00 GB
Hamiltonian ~92.659 % filled.
Memory consumption estimate: > 0.00 GB
Hamiltonian ~92.936 % filled.
Memory consumption estimate: > 0.00 GB
Hamiltonian ~92.244 % filled.
Memory consumption estimate: > 0.00 GB
Hamiltonian ~92.659 % filled.
Memory consumption estimate: > 0.00 GB
Hamiltonian ~92.105 % filled.
Memory consumption estimate: > 0.00 GB
Memory consumption estimate: > 0.00 GB
Hamiltonian ~92.659 % filled.
Hamiltonian ~92.244 % filled.
Memory consumption estimate: > 0.00 GB
Hamiltonian ~93.629 % filled.
Memory consumption estimate: > 0.00 GB
Hamiltonian ~92.244 % filled.
Memory consumption estimate: > 0.00 GB
Memory consumption estimate: > 0.00 GB
Memory consumption estimate: > 0.00 GB
Hamiltonian ~93.629 % filled.
Memory consumption estimate: > 0.00 GB
Hamiltonian ~93.629 % filled.
Hamiltonian ~92.244 % filled.
Hamiltonian ~92.244 % filled.
Memory consumption estimate: > 0.00 GB
Memory consumption estimate: > 0.00 GB
Memory consumption estimate: > 0.00 GB
Memory consumption estimate: > 0.00 GB
Hamiltonian ~93.352 % filled.
Hamiltonian ~92.382 % filled.
Hamiltonian ~92.521 % filled.
Hamiltonian ~92.798 % filled.
Memory consumption estimate: > 0.00 GB
Hamiltonian ~92.659 % filled.
Memory consumption estimate: > 0.00 GB
Hamiltonian ~92.936 % filled.
Memory consumption estimate: > 0.00 GB
Memory consumption estimate: > 0.00 GB
Memory consumption estimate: > 0.00 GB
Hamiltonian ~92.936 % filled.
Hamiltonian ~92.936 % filled.
Hamiltonian ~92.936 % filled.
Memory consumption estimate: > 0.00 GB
Hamiltonian ~92.244 % filled.
Memory consumption estimate: > 0.00 GB
Hamiltonian ~92.936 % filled.
Memory consumption estimate: > 0.00 GB
Memory consumption estimate: > 0.00 GB
Memory consumption estimate: > 0.00 GB
Hamiltonian ~92.105 % filled.
Hamiltonian ~92.798 % filled.
Hamiltonian ~93.075 % filled.
Memory consumption estimate: > 0.00 GB
Hamiltonian ~92.244 % filled.
Memory consumption estimate: > 0.00 GB
Memory consumption estimate: > 0.00 GB
Hamiltonian ~92.936 % filled.
Hamiltonian ~92.244 % filled.
Memory consumption estimate: > 0.00 GB
Hamiltonian ~93.075 % filled.
Memory consumption estimate: > 0.00 GB
Memory consumption estimate: > 0.00 GB
Hamiltonian ~93.075 % filled.
Memory consumption estimate: > 0.00 GB
Hamiltonian ~93.075 % filled.
Hamiltonian ~93.213 % filled.
Memory consumption estimate: > 0.00 GB
Hamiltonian ~92.936 % filled.
Memory consumption estimate: > 0.00 GB
Memory consumption estimate: > 0.00 GB
Hamiltonian ~93.213 % filled.
Hamiltonian ~92.936 % filled.
Memory consumption estimate: > 0.00 GB
Memory consumption estimate: > 0.00 GB
Memory consumption estimate: > 0.00 GB
Hamiltonian ~92.936 % filled.
Hamiltonian ~93.075 % filled.
Hamiltonian ~93.906 % filled.
Memory consumption estimate: > 0.00 GB
Hamiltonian ~93.767 % filled.
Memory consumption estimate: > 0.00 GB
Hamiltonian ~93.906 % filled.
Memory consumption estimate: > 0.00 GB
Memory consumption estimate: > 0.00 GB
Hamiltonian ~93.767 % filled.
Hamiltonian ~94.044 % filled.
Memory consumption estimate: > 0.00 GB
Memory consumption estimate: > 0.00 GB
Memory consumption estimate: > 0.00 GB
Hamiltonian ~93.767 % filled.
Hamiltonian ~94.044 % filled.
Hamiltonian ~92.936 % filled.
Memory consumption estimate: > 0.00 GB
Memory consumption estimate: > 0.00 GB
Memory consumption estimate: > 0.00 GB
Hamiltonian ~94.044 % filled.
Hamiltonian ~92.936 % filled.
Hamiltonian ~94.044 % filled.
systematic0.py:291 systematic_search INFO We have identified 137 unique conformers for <Conformer "CC(C)OC=CO">
job.py:67 __init__ INFO Job directory not specified...setting Job directory to calculator directory
job.py:74 __init__ INFO Job scratch directory not specified...setting Job scratch to calculator scratch
job.py:364 calculate_species INFO Calculating geometries for <Species "CC(C)OC=CO">
job.py:252 calculate_conformer INFO Submitting conformer calculation for CC(C)OC=CO_43
job.py:210 submit_conformer INFO Starting calculations for <Conformer "CC(C)OC=CO">
job.py:252 calculate_conformer INFO Submitting conformer calculation for CC(C)OC=CO_37
job.py:252 calculate_conformer INFO Submitting conformer calculation for CC(C)OC=CO_38
job.py:252 calculate_conformer INFO Submitting conformer calculation for CC(C)OC=CO_44
job.py:210 submit_conformer INFO Starting calculations for <Conformer "CC(C)OC=CO">
job.py:252 calculate_conformer INFO Submitting conformer calculation for CC(C)OC=CO_35
job.py:210 submit_conformer INFO Starting calculations for <Conformer "CC(C)OC=CO">
job.py:210 submit_conformer INFO Starting calculations for <Conformer "CC(C)OC=CO">
job.py:210 submit_conformer INFO Starting calculations for <Conformer "CC(C)OC=CO">
job.py:252 calculate_conformer INFO Submitting conformer calculation for CC(C)OC=CO_41
job.py:252 calculate_conformer INFO Submitting conformer calculation for CC(C)OC=CO_36
job.py:210 submit_conformer INFO Starting calculations for <Conformer "CC(C)OC=CO">
job.py:210 submit_conformer INFO Starting calculations for <Conformer "CC(C)OC=CO">
job.py:252 calculate_conformer INFO Submitting conformer calculation for CC(C)OC=CO_42
job.py:252 calculate_conformer INFO Submitting conformer calculation for CC(C)OC=CO_39
job.py:210 submit_conformer INFO Starting calculations for <Conformer "CC(C)OC=CO">
job.py:210 submit_conformer INFO Starting calculations for <Conformer "CC(C)OC=CO">
job.py:252 calculate_conformer INFO Submitting conformer calculation for CC(C)OC=CO_40
job.py:210 submit_conformer INFO Starting calculations for <Conformer "CC(C)OC=CO">
job.py:252 calculate_conformer INFO Submitting conformer calculation for CC(C)OC=CO_136
job.py:252 calculate_conformer INFO Submitting conformer calculation for CC(C)OC=CO_135
job.py:210 submit_conformer INFO Starting calculations for <Conformer "CC(C)OC=CO">
job.py:210 submit_conformer INFO Starting calculations for <Conformer "CC(C)OC=CO">
job.py:252 calculate_conformer INFO Submitting conformer calculation for CC(C)OC=CO_125
job.py:210 submit_conformer INFO Starting calculations for <Conformer "CC(C)OC=CO">
job.py:252 calculate_conformer INFO Submitting conformer calculation for CC(C)OC=CO_126
job.py:210 submit_conformer INFO Starting calculations for <Conformer "CC(C)OC=CO">
job.py:252 calculate_conformer INFO Submitting conformer calculation for CC(C)OC=CO_127
job.py:210 submit_conformer INFO Starting calculations for <Conformer "CC(C)OC=CO">
job.py:252 calculate_conformer INFO Submitting conformer calculation for CC(C)OC=CO_128
job.py:210 submit_conformer INFO Starting calculations for <Conformer "CC(C)OC=CO">
job.py:252 calculate_conformer INFO Submitting conformer calculation for CC(C)OC=CO_129
job.py:210 submit_conformer INFO Starting calculations for <Conformer "CC(C)OC=CO">
job.py:252 calculate_conformer INFO Submitting conformer calculation for CC(C)OC=CO_130
job.py:252 calculate_conformer INFO Submitting conformer calculation for CC(C)OC=CO_131
job.py:210 submit_conformer INFO Starting calculations for <Conformer "CC(C)OC=CO">
job.py:252 calculate_conformer INFO Submitting conformer calculation for CC(C)OC=CO_132
job.py:210 submit_conformer INFO Starting calculations for <Conformer "CC(C)OC=CO">
job.py:210 submit_conformer INFO Starting calculations for <Conformer "CC(C)OC=CO">
job.py:252 calculate_conformer INFO Submitting conformer calculation for CC(C)OC=CO_133
job.py:252 calculate_conformer INFO Submitting conformer calculation for CC(C)OC=CO_134
job.py:210 submit_conformer INFO Starting calculations for <Conformer "CC(C)OC=CO">
job.py:210 submit_conformer INFO Starting calculations for <Conformer "CC(C)OC=CO">
job.py:252 calculate_conformer INFO Submitting conformer calculation for CC(C)OC=CO_52
job.py:210 submit_conformer INFO Starting calculations for <Conformer "CC(C)OC=CO">
job.py:252 calculate_conformer INFO Submitting conformer calculation for CC(C)OC=CO_51
job.py:210 submit_conformer INFO Starting calculations for <Conformer "CC(C)OC=CO">
job.py:252 calculate_conformer INFO Submitting conformer calculation for CC(C)OC=CO_50
job.py:210 submit_conformer INFO Starting calculations for <Conformer "CC(C)OC=CO">
job.py:252 calculate_conformer INFO Submitting conformer calculation for CC(C)OC=CO_49
job.py:252 calculate_conformer INFO Submitting conformer calculation for CC(C)OC=CO_48
job.py:210 submit_conformer INFO Starting calculations for <Conformer "CC(C)OC=CO">
job.py:252 calculate_conformer INFO Submitting conformer calculation for CC(C)OC=CO_47
job.py:210 submit_conformer INFO Starting calculations for <Conformer "CC(C)OC=CO">
job.py:210 submit_conformer INFO Starting calculations for <Conformer "CC(C)OC=CO">
job.py:252 calculate_conformer INFO Submitting conformer calculation for CC(C)OC=CO_46
job.py:210 submit_conformer INFO Starting calculations for <Conformer "CC(C)OC=CO">
job.py:252 calculate_conformer INFO Submitting conformer calculation for CC(C)OC=CO_45
job.py:252 calculate_conformer INFO Submitting conformer calculation for CC(C)OC=CO_54
job.py:210 submit_conformer INFO Starting calculations for <Conformer "CC(C)OC=CO">
job.py:252 calculate_conformer INFO Submitting conformer calculation for CC(C)OC=CO_53
job.py:210 submit_conformer INFO Starting calculations for <Conformer "CC(C)OC=CO">
job.py:210 submit_conformer INFO Starting calculations for <Conformer "CC(C)OC=CO">
job.py:252 calculate_conformer INFO Submitting conformer calculation for CC(C)OC=CO_120
job.py:252 calculate_conformer INFO Submitting conformer calculation for CC(C)OC=CO_119
job.py:210 submit_conformer INFO Starting calculations for <Conformer "CC(C)OC=CO">
job.py:210 submit_conformer INFO Starting calculations for <Conformer "CC(C)OC=CO">
job.py:252 calculate_conformer INFO Submitting conformer calculation for CC(C)OC=CO_122
job.py:252 calculate_conformer INFO Submitting conformer calculation for CC(C)OC=CO_121
job.py:210 submit_conformer INFO Starting calculations for <Conformer "CC(C)OC=CO">
job.py:210 submit_conformer INFO Starting calculations for <Conformer "CC(C)OC=CO">
job.py:252 calculate_conformer INFO Submitting conformer calculation for CC(C)OC=CO_116
job.py:252 calculate_conformer INFO Submitting conformer calculation for CC(C)OC=CO_115
job.py:210 submit_conformer INFO Starting calculations for <Conformer "CC(C)OC=CO">
job.py:210 submit_conformer INFO Starting calculations for <Conformer "CC(C)OC=CO">
job.py:252 calculate_conformer INFO Submitting conformer calculation for CC(C)OC=CO_118
job.py:252 calculate_conformer INFO Submitting conformer calculation for CC(C)OC=CO_117
job.py:252 calculate_conformer INFO Submitting conformer calculation for CC(C)OC=CO_124
job.py:210 submit_conformer INFO Starting calculations for <Conformer "CC(C)OC=CO">
job.py:210 submit_conformer INFO Starting calculations for <Conformer "CC(C)OC=CO">
job.py:252 calculate_conformer INFO Submitting conformer calculation for CC(C)OC=CO_123
job.py:210 submit_conformer INFO Starting calculations for <Conformer "CC(C)OC=CO">
job.py:210 submit_conformer INFO Starting calculations for <Conformer "CC(C)OC=CO">
job.py:252 calculate_conformer INFO Submitting conformer calculation for CC(C)OC=CO_60
job.py:252 calculate_conformer INFO Submitting conformer calculation for CC(C)OC=CO_59
job.py:210 submit_conformer INFO Starting calculations for <Conformer "CC(C)OC=CO">
job.py:210 submit_conformer INFO Starting calculations for <Conformer "CC(C)OC=CO">
job.py:252 calculate_conformer INFO Submitting conformer calculation for CC(C)OC=CO_61
job.py:210 submit_conformer INFO Starting calculations for <Conformer "CC(C)OC=CO">
job.py:252 calculate_conformer INFO Submitting conformer calculation for CC(C)OC=CO_62
job.py:210 submit_conformer INFO Starting calculations for <Conformer "CC(C)OC=CO">
job.py:252 calculate_conformer INFO Submitting conformer calculation for CC(C)OC=CO_55
job.py:210 submit_conformer INFO Starting calculations for <Conformer "CC(C)OC=CO">
job.py:252 calculate_conformer INFO Submitting conformer calculation for CC(C)OC=CO_56
job.py:210 submit_conformer INFO Starting calculations for <Conformer "CC(C)OC=CO">
Traceback (most recent call last):
  File "profile.py", line 73, in <module>
    job.calculate_species(species)
  File "/home/harms.n/Code/AutoTST/autotst/job/job.py", line 384, in calculate_species
    if not running.is_alive():
AttributeError: 'str' object has no attribute 'is_alive'
job.py:252 calculate_conformer INFO Submitting conformer calculation for CC(C)OC=CO_57
job.py:252 calculate_conformer INFO Submitting conformer calculation for CC(C)OC=CO_58
job.py:210 submit_conformer INFO Starting calculations for <Conformer "CC(C)OC=CO">
job.py:210 submit_conformer INFO Starting calculations for <Conformer "CC(C)OC=CO">
Submitted batch job 7017522
Submitted batch job 7017523
Submitted batch job 7017524
Submitted batch job 7017525
Submitted batch job 7017526
Submitted batch job 7017527
Submitted batch job 7017528
Submitted batch job 7017529
Submitted batch job 7017530
Submitted batch job 7017531
Submitted batch job 7017532
Submitted batch job 7017534
Submitted batch job 7017533
Submitted batch job 7017535
Submitted batch job 7017536
Submitted batch job 7017537
Submitted batch job 7017538
Submitted batch job 7017539
Submitted batch job 7017541
Submitted batch job 7017540
Submitted batch job 7017542
Submitted batch job 7017543
Submitted batch job 7017544
Submitted batch job 7017545
Submitted batch job 7017546
Submitted batch job 7017547
Submitted batch job 7017549
Submitted batch job 7017550
Submitted batch job 7017548
Submitted batch job 7017551
Submitted batch job 7017553
Submitted batch job 7017554
Submitted batch job 7017552
Submitted batch job 7017555
Submitted batch job 7017556
Submitted batch job 7017557
Submitted batch job 7017558
Submitted batch job 7017559
Submitted batch job 7017560
Submitted batch job 7017563
Submitted batch job 7017565
Submitted batch job 7017562
Submitted batch job 7017564
Submitted batch job 7017561
Submitted batch job 7017566
Submitted batch job 7017569
Submitted batch job 7017567
Submitted batch job 7017570
Submitted batch job 7017568
Submitted batch job 7017571
slurm_load_jobs error: Transport endpoint is not connected
slurm_load_jobs error: Transport endpoint is not connected
slurm_load_jobs error: Transport endpoint is not connected
slurm_load_jobs error: Transport endpoint is not connected
slurm_load_jobs error: Transport endpoint is not connected
gaussian.py:457 verify_output_file INFO Not a valid path, cannot be verified...
gaussian.py:457 verify_output_file INFO Not a valid path, cannot be verified...
job.py:261 calculate_conformer INFO It seems that the file never completed for CC(C)OC=CO_58 completed, running it again
job.py:261 calculate_conformer INFO It seems that the file never completed for CC(C)OC=CO_39 completed, running it again
gaussian.py:457 verify_output_file INFO Not a valid path, cannot be verified...
job.py:261 calculate_conformer INFO It seems that the file never completed for CC(C)OC=CO_47 completed, running it again
gaussian.py:457 verify_output_file INFO Not a valid path, cannot be verified...
job.py:261 calculate_conformer INFO It seems that the file never completed for CC(C)OC=CO_62 completed, running it again
gaussian.py:457 verify_output_file INFO Not a valid path, cannot be verified...
job.py:261 calculate_conformer INFO It seems that the file never completed for CC(C)OC=CO_46 completed, running it again
job.py:207 submit_conformer INFO Restarting calculations for <Conformer "CC(C)OC=CO">.
job.py:207 submit_conformer INFO Restarting calculations for <Conformer "CC(C)OC=CO">.
job.py:207 submit_conformer INFO Restarting calculations for <Conformer "CC(C)OC=CO">.
job.py:207 submit_conformer INFO Restarting calculations for <Conformer "CC(C)OC=CO">.
job.py:207 submit_conformer INFO Restarting calculations for <Conformer "CC(C)OC=CO">.
Submitted batch job 7022387
Submitted batch job 7022388
Submitted batch job 7022389
Submitted batch job 7022391
Submitted batch job 7022392
slurm_load_jobs error: Transport endpoint is not connected
slurm_load_jobs error: Transport endpoint is not connected
slurm_load_jobs error: Transport endpoint is not connected
slurm_load_jobs error: Transport endpoint is not connected
slurm_load_jobs error: Transport endpoint is not connected
slurm_load_jobs error: Transport endpoint is not connected
slurm_load_jobs error: Transport endpoint is not connected
gaussian.py:457 verify_output_file INFO Not a valid path, cannot be verified...
job.py:303 calculate_conformer INFO It appears that CC(C)OC=CO_39 was killed prematurely
gaussian.py:457 verify_output_file INFO Not a valid path, cannot be verified...
job.py:303 calculate_conformer INFO It appears that CC(C)OC=CO_47 was killed prematurely
gaussian.py:457 verify_output_file INFO Not a valid path, cannot be verified...
job.py:261 calculate_conformer INFO It seems that the file never completed for CC(C)OC=CO_115 completed, running it again
gaussian.py:457 verify_output_file INFO Not a valid path, cannot be verified...
job.py:261 calculate_conformer INFO It seems that the file never completed for CC(C)OC=CO_43 completed, running it again
gaussian.py:457 verify_output_file INFO Not a valid path, cannot be verified...
job.py:261 calculate_conformer INFO It seems that the file never completed for CC(C)OC=CO_53 completed, running it again
gaussian.py:457 verify_output_file INFO Not a valid path, cannot be verified...
job.py:261 calculate_conformer INFO It seems that the file never completed for CC(C)OC=CO_44 completed, running it again
gaussian.py:457 verify_output_file INFO Not a valid path, cannot be verified...
job.py:261 calculate_conformer INFO It seems that the file never completed for CC(C)OC=CO_38 completed, running it again
Process Process-479:
Traceback (most recent call last):
  File "/home/harms.n/anaconda2/envs/rmg_env/lib/python2.7/multiprocessing/process.py", line 267, in _bootstrap
    self.run()
  File "/home/harms.n/anaconda2/envs/rmg_env/lib/python2.7/multiprocessing/process.py", line 114, in run
    self._target(*self._args, **self._kwargs)
  File "/home/harms.n/Code/AutoTST/autotst/job/job.py", line 262, in calculate_conformer
    label = self.submit_conformer(conformer, restart=True)
  File "/home/harms.n/Code/AutoTST/autotst/job/job.py", line 177, in submit_conformer
    self.write_input(conformer, ase_calculator)
  File "/home/harms.n/Code/AutoTST/autotst/job/job.py", line 143, in write_input
    ase_calculator.label + ".com"
  File "/home/harms.n/anaconda2/envs/rmg_env/lib/python2.7/shutil.py", line 325, in move
    copy2(src, real_dst)
  File "/home/harms.n/anaconda2/envs/rmg_env/lib/python2.7/shutil.py", line 153, in copy2
    copyfile(src, dst)
  File "/home/harms.n/anaconda2/envs/rmg_env/lib/python2.7/shutil.py", line 96, in copyfile
    with open(src, 'rb') as fsrc:
IOError: [Errno 2] No such file or directory: 'CC(C)OC=CO_44.com'
job.py:207 submit_conformer INFO Restarting calculations for <Conformer "CC(C)OC=CO">.
job.py:207 submit_conformer INFO Restarting calculations for <Conformer "CC(C)OC=CO">.
job.py:207 submit_conformer INFO Restarting calculations for <Conformer "CC(C)OC=CO">.
job.py:207 submit_conformer INFO Restarting calculations for <Conformer "CC(C)OC=CO">.
job.py:207 submit_conformer INFO Restarting calculations for <Conformer "CC(C)OC=CO">.
job.py:207 submit_conformer INFO Restarting calculations for <Conformer "CC(C)OC=CO">.
Submitted batch job 7022429
Submitted batch job 7022451
Submitted batch job 7022457
Submitted batch job 7022473
Submitted batch job 7022482
Submitted batch job 7022510
job.py:293 check_isomorphic INFO CC(C)OC=CO_130 was successful and was validated!
job.py:293 check_isomorphic INFO CC(C)OC=CO_132 was successful and was validated!
job.py:293 check_isomorphic INFO CC(C)OC=CO_134 was successful and was validated!
job.py:293 check_isomorphic INFO CC(C)OC=CO_127 was successful and was validated!
job.py:293 check_isomorphic INFO CC(C)OC=CO_129 was successful and was validated!
job.py:293 check_isomorphic INFO CC(C)OC=CO_131 was successful and was validated!
job.py:293 check_isomorphic INFO CC(C)OC=CO_136 was successful and was validated!
job.py:293 check_isomorphic INFO CC(C)OC=CO_135 was successful and was validated!
job.py:293 check_isomorphic INFO CC(C)OC=CO_54 was successful and was validated!
job.py:293 check_isomorphic INFO CC(C)OC=CO_57 was successful and was validated!
job.py:293 check_isomorphic INFO CC(C)OC=CO_126 was successful and was validated!
job.py:293 check_isomorphic INFO CC(C)OC=CO_116 was successful and was validated!
job.py:293 check_isomorphic INFO CC(C)OC=CO_48 was successful and was validated!
job.py:293 check_isomorphic INFO CC(C)OC=CO_56 was successful and was validated!
job.py:293 check_isomorphic INFO CC(C)OC=CO_120 was successful and was validated!
job.py:293 check_isomorphic INFO CC(C)OC=CO_59 was successful and was validated!
job.py:293 check_isomorphic INFO CC(C)OC=CO_117 was successful and was validated!
job.py:293 check_isomorphic INFO CC(C)OC=CO_61 was successful and was validated!
job.py:293 check_isomorphic INFO CC(C)OC=CO_122 was successful and was validated!
job.py:293 check_isomorphic INFO CC(C)OC=CO_124 was successful and was validated!
job.py:293 check_isomorphic INFO CC(C)OC=CO_119 was successful and was validated!
job.py:293 check_isomorphic INFO CC(C)OC=CO_36 was successful and was validated!
job.py:293 check_isomorphic INFO CC(C)OC=CO_49 was successful and was validated!
job.py:293 check_isomorphic INFO CC(C)OC=CO_35 was successful and was validated!
job.py:293 check_isomorphic INFO CC(C)OC=CO_51 was successful and was validated!
job.py:293 check_isomorphic INFO CC(C)OC=CO_42 was successful and was validated!
job.py:293 check_isomorphic INFO CC(C)OC=CO_50 was successful and was validated!
job.py:293 check_isomorphic INFO CC(C)OC=CO_46 was successful and was validated!
job.py:293 check_isomorphic INFO CC(C)OC=CO_58 was successful and was validated!
job.py:261 calculate_conformer INFO It seems that the file never completed for CC(C)OC=CO_37 completed, running it again
job.py:207 submit_conformer INFO Restarting calculations for <Conformer "CC(C)OC=CO">.
Submitted batch job 7070069
job.py:293 check_isomorphic INFO CC(C)OC=CO_47 was successful and was validated!
job.py:293 check_isomorphic INFO CC(C)OC=CO_41 was successful and was validated!
job.py:293 check_isomorphic INFO CC(C)OC=CO_60 was successful and was validated!
job.py:293 check_isomorphic INFO CC(C)OC=CO_39 was successful and was validated!
job.py:293 check_isomorphic INFO CC(C)OC=CO_40 was successful and was validated!
job.py:293 check_isomorphic INFO CC(C)OC=CO_125 was successful and was validated!
job.py:293 check_isomorphic INFO CC(C)OC=CO_115 was successful and was validated!
job.py:293 check_isomorphic INFO CC(C)OC=CO_38 was successful and was validated!
job.py:293 check_isomorphic INFO CC(C)OC=CO_128 was successful and was validated!
job.py:293 check_isomorphic INFO CC(C)OC=CO_133 was successful and was validated!
job.py:293 check_isomorphic INFO CC(C)OC=CO_55 was successful and was validated!
job.py:293 check_isomorphic INFO CC(C)OC=CO_118 was successful and was validated!
job.py:293 check_isomorphic INFO CC(C)OC=CO_52 was successful and was validated!
job.py:293 check_isomorphic INFO CC(C)OC=CO_121 was successful and was validated!
job.py:293 check_isomorphic INFO CC(C)OC=CO_123 was successful and was validated!
job.py:293 check_isomorphic INFO CC(C)OC=CO_53 was successful and was validated!
job.py:293 check_isomorphic INFO CC(C)OC=CO_43 was successful and was validated!
job.py:293 check_isomorphic INFO CC(C)OC=CO_45 was successful and was validated!
job.py:293 check_isomorphic INFO CC(C)OC=CO_62 was successful and was validated!
