Using Theano backend.
/home/harms.n/anaconda2/envs/rmg_env/lib/python2.7/site-packages/h5py/__init__.py:36: FutureWarning: Conversion of the second argument of issubdtype from `float` to `np.floating` is deprecated. In future, it will be treated as `np.float64 == np.dtype(float).type`.
  from ._conv import register_converters as _register_converters
reaction.py:169 load_databases INFO Loading RMG database from '/home/harms.n/Code/RMG-database/input'
thermo.py:844 loadLibraries INFO Loading thermodynamics library from primaryThermoLibrary.py in /home/harms.n/Code/RMG-database/input/thermo/libraries...
thermo.py:844 loadLibraries INFO Loading thermodynamics library from thermo_DFT_CCSDTF12_BAC.py in /home/harms.n/Code/RMG-database/input/thermo/libraries...
thermo.py:844 loadLibraries INFO Loading thermodynamics library from CBS_QB3_1dHR.py in /home/harms.n/Code/RMG-database/input/thermo/libraries...
thermo.py:861 loadGroups INFO Loading thermodynamics group database from /home/harms.n/Code/RMG-database/input/thermo/groups...
transport.py:294 loadGroups INFO Loading transport group database from /home/harms.n/Code/RMG-database/input/transport/groups...
statmech.py:529 loadGroups INFO Loading frequencies group database from /home/harms.n/Code/RMG-database/input/statmech/groups...
base.py:220 load INFO Loading transitions state family groups from /home/harms.n/Code/AutoTST/database/R_Addition_MultipleBond/TS_groups.py
base.py:220 load INFO Loading transitions state family groups from /home/harms.n/Code/AutoTST/database/H_Abstraction/TS_groups.py
base.py:220 load INFO Loading transitions state family groups from /home/harms.n/Code/AutoTST/database/intra_H_migration/TS_groups.py
reaction.py:341 get_labeled_reaction INFO Matched reaction to H_Abstraction family
reaction.py:341 get_labeled_reaction INFO Matched reaction to H_Abstraction family
reaction.py:250 generate_distance_data INFO Distance between *1 and *3 is too small, setting it to lower bound of uncertainty
reaction.py:255 generate_distance_data INFO The distance data is as follows: DistanceData(distances={'d12': 1.278734,'d13': 2.573306,'d23': 1.427297,}, uncertainties={'d12': 0.252550,'d13': 0.239305,'d23': 0.336802,}, comment='Matched node CsOHHH ([<Entry index=78 label="CsOHHH">, <Entry index=216 label="Csj/Cd/Cd/H">])\nMatched node Cs_methyl ([<Entry index=119 label="C/H3/Cd">, <Entry index=66 label="Cs_methyl">])\n')
reaction.py:701 get_rdkit_mol INFO Initially embedded molecule
reaction.py:706 get_rdkit_mol INFO Getting bounds matrix
reaction.py:710 get_rdkit_mol INFO Editing bounds matrix
reaction.py:741 set_limits INFO For atoms 2 and 6 we have a distance of: 	 1.278734
reaction.py:741 set_limits INFO For atoms 6 and 5 we have a distance of: 	 1.427297
reaction.py:741 set_limits INFO For atoms 2 and 5 we have a distance of: 	 2.5733065
reaction.py:776 bm_pre_edit INFO Changing lower limit 3.65 to 3.44684063007
reaction.py:713 get_rdkit_mol INFO Performing triangle smoothing on bounds matrix.
reaction.py:716 get_rdkit_mol INFO Now attempting to embed using edited bounds matrix.
systematic0.py:179 systematic_search INFO There are 432 unique conformers generated






 _           _    _     _ _
| |__   ___ | |_ | |__ |_| |_
|  _ \ / _ \|  _||  _ \| |  _|
| | | | ( ) | |_ | ( ) | | |_
|_| |_|\___/ \__|\____/|_|\__|  ver. 0.1 (svn=exported)
Distributed under GNU GPL; see /home/harms.n/Code/hotbit/lib/python/LICENSE
Date: Mon Sep 23 09:55:19 2019
Nodename: c3045
Arch: x86_64
Dir: /home/harms.n/Code/profiling-conformers
System: H9C4O2
       Charge= 0.0
       Container Bravais: pbc:[0,0,0], cell:[0.00,0.00,0.00] Ang, 
   cosines(12,13,23):[nan,nan,nan]
Symmetry operations (if any):
       0: pbc= False , kappa-points=1, M=1
       1: pbc= False , kappa-points=1, M=1
       2: pbc= False , kappa-points=1, M=1
Electronic temperature: 0.02 eV
Mixer: Anderson with memory = 3 , mixing parameter = 0.2
15 atoms, 33 states, 37.0 electrons (18.5 filled states)
Initial n ranges:[0,0] [0,0] [0,0] 
Element O in /home/harms.n/Code/hotbit/param/O.elm
    *no comment
Element C in /home/harms.n/Code/hotbit/param/C.elm
    *fixed set C
Element H in /home/harms.n/Code/hotbit/param/H.elm
    *no comment

Interactions:
  OO in /home/harms.n/Code/hotbit/param/O_O.par
    *no slako doc
  OC in /home/harms.n/Code/hotbit/param/C_O.par
    *no slako doc
  OH in /home/harms.n/Code/hotbit/param/O_H.par
    *no slako doc
  CO in /home/harms.n/Code/hotbit/param/C_O.par
    *no slako doc
  CC in /home/harms.n/Code/hotbit/param/C_C.par
    *test parameters 23.6 2008
    *Quadratic original (r/r0)**2, r0=1.85*r_cov,
    *Original repulsion (probably)
  CH in /home/harms.n/Code/hotbit/param/C_H.par
    *test parameters 23.6 2008
  HO in /home/harms.n/Code/hotbit/param/O_H.par
    *no slako doc
  HC in /home/harms.n/Code/hotbit/param/C_H.par
    *test parameters 23.6 2008
  HH in /home/harms.n/Code/hotbit/param/H_H.par
    *test parameters 23.6 2008

Repulsions:
  OO in /home/harms.n/Code/hotbit/param/O_O.par
    *no repulsion doc
  OC in /home/harms.n/Code/hotbit/param/C_O.par
    *no repulsion doc
  OH in /home/harms.n/Code/hotbit/param/O_H.par
    *no repulsion doc
  CC in /home/harms.n/Code/hotbit/param/C_C.par
    *test parameters 23.6 2008
  CH in /home/harms.n/Code/hotbit/param/C_H.par
    *test parameters 23.6 2008
  HH in /home/harms.n/Code/hotbit/param/H_H.par
    *test parameters 23.6 2008

Memory consumption estimate: > 0.00 GB
Memory consumption estimate: > 0.00 GB
Memory consumption estimate: > 0.00 GB
Memory consumption estimate: > 0.00 GB
Memory consumption estimate: > 0.00 GB
Memory consumption estimate: > 0.00 GB
Memory consumption estimate: > 0.00 GB
Memory consumption estimate: > 0.00 GB
Memory consumption estimate: > 0.00 GB
Memory consumption estimate: > 0.00 GB
Hamiltonian ~93.021 % filled.
Memory consumption estimate: > 0.00 GB
Hamiltonian ~92.103 % filled.
Memory consumption estimate: > 0.00 GB
Memory consumption estimate: > 0.00 GB
Memory consumption estimate: > 0.00 GB
Hamiltonian ~92.103 % filled.
Memory consumption estimate: > 0.00 GB
Hamiltonian ~92.837 % filled.
Hamiltonian ~93.021 % filled.
Hamiltonian ~92.103 % filled.
Memory consumption estimate: > 0.00 GB
Hamiltonian ~93.021 % filled.
Memory consumption estimate: > 0.00 GB
Hamiltonian ~91.919 % filled.
Memory consumption estimate: > 0.00 GB
Hamiltonian ~93.388 % filled.
Memory consumption estimate: > 0.00 GB
Hamiltonian ~93.021 % filled.
Hamiltonian ~92.837 % filled.
Hamiltonian ~93.388 % filled.
Memory consumption estimate: > 0.00 GB
Hamiltonian ~93.021 % filled.
Hamiltonian ~93.021 % filled.
Hamiltonian ~93.388 % filled.
Hamiltonian ~92.654 % filled.
Hamiltonian ~93.205 % filled.
Hamiltonian ~92.103 % filled.
Hamiltonian ~93.205 % filled.
Hamiltonian ~93.205 % filled.
Memory consumption estimate: > 0.00 GB
Hamiltonian ~93.021 % filled.
Memory consumption estimate: > 0.00 GB
Hamiltonian ~93.205 % filled.
Memory consumption estimate: > 0.00 GB
Hamiltonian ~91.919 % filled.
Memory consumption estimate: > 0.00 GB
Hamiltonian ~92.837 % filled.
Memory consumption estimate: > 0.00 GB
Hamiltonian ~91.919 % filled.
Memory consumption estimate: > 0.00 GB
Hamiltonian ~92.837 % filled.
Memory consumption estimate: > 0.00 GB
Hamiltonian ~91.919 % filled.
Memory consumption estimate: > 0.00 GB
Hamiltonian ~93.021 % filled.
Memory consumption estimate: > 0.00 GB
Hamiltonian ~92.837 % filled.
Memory consumption estimate: > 0.00 GB
Hamiltonian ~93.388 % filled.
Memory consumption estimate: > 0.00 GB
Hamiltonian ~92.837 % filled.
Memory consumption estimate: > 0.00 GB
Hamiltonian ~93.388 % filled.
Memory consumption estimate: > 0.00 GB
Hamiltonian ~92.837 % filled.
Memory consumption estimate: > 0.00 GB
Hamiltonian ~93.388 % filled.
Memory consumption estimate: > 0.00 GB
Hamiltonian ~91.919 % filled.
Memory consumption estimate: > 0.00 GB
Hamiltonian ~93.021 % filled.
Memory consumption estimate: > 0.00 GB
Hamiltonian ~91.919 % filled.
Memory consumption estimate: > 0.00 GB
Hamiltonian ~92.654 % filled.
Memory consumption estimate: > 0.00 GB
Hamiltonian ~91.919 % filled.
Memory consumption estimate: > 0.00 GB
Hamiltonian ~92.837 % filled.
Memory consumption estimate: > 0.00 GB
Hamiltonian ~92.837 % filled.
Memory consumption estimate: > 0.00 GB
Hamiltonian ~93.205 % filled.
Memory consumption estimate: > 0.00 GB
Hamiltonian ~93.205 % filled.
Memory consumption estimate: > 0.00 GB
Memory consumption estimate: > 0.00 GB
Hamiltonian ~93.205 % filled.
Hamiltonian ~93.205 % filled.
Memory consumption estimate: > 0.00 GB
Hamiltonian ~93.205 % filled.
Memory consumption estimate: > 0.00 GB
Hamiltonian ~92.103 % filled.
Memory consumption estimate: > 0.00 GB
Hamiltonian ~92.837 % filled.
Memory consumption estimate: > 0.00 GB
Hamiltonian ~92.103 % filled.
Memory consumption estimate: > 0.00 GB
Memory consumption estimate: > 0.00 GB
Hamiltonian ~92.837 % filled.
Hamiltonian ~92.103 % filled.
Memory consumption estimate: > 0.00 GB
Hamiltonian ~93.021 % filled.
Memory consumption estimate: > 0.00 GB
Hamiltonian ~93.021 % filled.
Memory consumption estimate: > 0.00 GB
Hamiltonian ~93.388 % filled.
Memory consumption estimate: > 0.00 GB
Hamiltonian ~93.021 % filled.
Memory consumption estimate: > 0.00 GB
Hamiltonian ~93.388 % filled.
Memory consumption estimate: > 0.00 GB
Hamiltonian ~93.021 % filled.
Memory consumption estimate: > 0.00 GB
Hamiltonian ~93.388 % filled.
Memory consumption estimate: > 0.00 GB
Hamiltonian ~92.103 % filled.
Memory consumption estimate: > 0.00 GB
Hamiltonian ~93.021 % filled.
Memory consumption estimate: > 0.00 GB
Hamiltonian ~92.103 % filled.
Memory consumption estimate: > 0.00 GB
Hamiltonian ~92.654 % filled.
Memory consumption estimate: > 0.00 GB
Hamiltonian ~92.103 % filled.
Memory consumption estimate: > 0.00 GB
Hamiltonian ~92.837 % filled.
Memory consumption estimate: > 0.00 GB
Hamiltonian ~93.205 % filled.
Memory consumption estimate: > 0.00 GB
Hamiltonian ~93.205 % filled.
Memory consumption estimate: > 0.00 GB
Hamiltonian ~93.205 % filled.
Memory consumption estimate: > 0.00 GB
Hamiltonian ~93.205 % filled.
Memory consumption estimate: > 0.00 GB
Hamiltonian ~93.205 % filled.
Memory consumption estimate: > 0.00 GB
Hamiltonian ~93.205 % filled.
Memory consumption estimate: > 0.00 GB
Hamiltonian ~92.103 % filled.
Memory consumption estimate: > 0.00 GB
Memory consumption estimate: > 0.00 GB
Hamiltonian ~92.837 % filled.
Hamiltonian ~92.287 % filled.
Memory consumption estimate: > 0.00 GB
Hamiltonian ~93.205 % filled.
Memory consumption estimate: > 0.00 GB
Hamiltonian ~93.021 % filled.
Memory consumption estimate: > 0.00 GB
Hamiltonian ~93.205 % filled.
Memory consumption estimate: > 0.00 GB
Hamiltonian ~93.205 % filled.
Memory consumption estimate: > 0.00 GB
Hamiltonian ~93.388 % filled.
Memory consumption estimate: > 0.00 GB
Hamiltonian ~93.021 % filled.
Memory consumption estimate: > 0.00 GB
Hamiltonian ~93.388 % filled.
Memory consumption estimate: > 0.00 GB
Hamiltonian ~93.021 % filled.
Memory consumption estimate: > 0.00 GB
Hamiltonian ~93.388 % filled.
Memory consumption estimate: > 0.00 GB
Hamiltonian ~92.287 % filled.
Memory consumption estimate: > 0.00 GB
Hamiltonian ~93.205 % filled.
Memory consumption estimate: > 0.00 GB
Hamiltonian ~92.287 % filled.
Memory consumption estimate: > 0.00 GB
Hamiltonian ~93.021 % filled.
Memory consumption estimate: > 0.00 GB
Hamiltonian ~93.021 % filled.
Memory consumption estimate: > 0.00 GB
Hamiltonian ~93.205 % filled.
Memory consumption estimate: > 0.00 GB
Hamiltonian ~93.205 % filled.
Memory consumption estimate: > 0.00 GB
Hamiltonian ~93.388 % filled.
Memory consumption estimate: > 0.00 GB
Hamiltonian ~93.205 % filled.
Memory consumption estimate: > 0.00 GB
Hamiltonian ~93.388 % filled.
Memory consumption estimate: > 0.00 GB
Hamiltonian ~93.021 % filled.
Memory consumption estimate: > 0.00 GB
Hamiltonian ~93.388 % filled.
Memory consumption estimate: > 0.00 GB
Hamiltonian ~92.103 % filled.
Memory consumption estimate: > 0.00 GB
Hamiltonian ~93.388 % filled.
Memory consumption estimate: > 0.00 GB
Hamiltonian ~91.919 % filled.
Memory consumption estimate: > 0.00 GB
Hamiltonian ~93.205 % filled.
Memory consumption estimate: > 0.00 GB
Hamiltonian ~92.654 % filled.
Memory consumption estimate: > 0.00 GB
Hamiltonian ~93.205 % filled.
Memory consumption estimate: > 0.00 GB
Hamiltonian ~92.837 % filled.
Memory consumption estimate: > 0.00 GB
Hamiltonian ~93.388 % filled.
Memory consumption estimate: > 0.00 GB
Hamiltonian ~92.837 % filled.
Memory consumption estimate: > 0.00 GB
Hamiltonian ~93.388 % filled.
Memory consumption estimate: > 0.00 GB
Hamiltonian ~92.837 % filled.
Memory consumption estimate: > 0.00 GB
Hamiltonian ~93.388 % filled.
Memory consumption estimate: > 0.00 GB
Hamiltonian ~91.919 % filled.
Memory consumption estimate: > 0.00 GB
Hamiltonian ~93.205 % filled.
Memory consumption estimate: > 0.00 GB
Hamiltonian ~91.919 % filled.
Memory consumption estimate: > 0.00 GB
Hamiltonian ~93.021 % filled.
Memory consumption estimate: > 0.00 GB
Hamiltonian ~92.654 % filled.
Memory consumption estimate: > 0.00 GB
Hamiltonian ~93.205 % filled.
Memory consumption estimate: > 0.00 GB
Memory consumption estimate: > 0.00 GB
Hamiltonian ~93.021 % filled.
Hamiltonian ~93.388 % filled.
Memory consumption estimate: > 0.00 GB
Hamiltonian ~93.205 % filled.
Memory consumption estimate: > 0.00 GB
Hamiltonian ~93.388 % filled.
Memory consumption estimate: > 0.00 GB
Hamiltonian ~93.021 % filled.
Memory consumption estimate: > 0.00 GB
Hamiltonian ~93.388 % filled.
Memory consumption estimate: > 0.00 GB
Hamiltonian ~91.919 % filled.
Memory consumption estimate: > 0.00 GB
Hamiltonian ~93.388 % filled.
Memory consumption estimate: > 0.00 GB
Hamiltonian ~92.287 % filled.
Memory consumption estimate: > 0.00 GB
Hamiltonian ~93.205 % filled.
Memory consumption estimate: > 0.00 GB
Hamiltonian ~93.021 % filled.
Memory consumption estimate: > 0.00 GB
Hamiltonian ~93.205 % filled.
Memory consumption estimate: > 0.00 GB
Hamiltonian ~93.205 % filled.
Memory consumption estimate: > 0.00 GB
Hamiltonian ~93.388 % filled.
Memory consumption estimate: > 0.00 GB
Hamiltonian ~93.021 % filled.
Memory consumption estimate: > 0.00 GB
Memory consumption estimate: > 0.00 GB
Hamiltonian ~93.388 % filled.
Hamiltonian ~93.021 % filled.
Memory consumption estimate: > 0.00 GB
Hamiltonian ~93.388 % filled.
Memory consumption estimate: > 0.00 GB
Hamiltonian ~92.103 % filled.
Memory consumption estimate: > 0.00 GB
Hamiltonian ~93.388 % filled.
Memory consumption estimate: > 0.00 GB
Hamiltonian ~92.287 % filled.
Memory consumption estimate: > 0.00 GB
Hamiltonian ~93.021 % filled.
Memory consumption estimate: > 0.00 GB
Hamiltonian ~93.021 % filled.
Memory consumption estimate: > 0.00 GB
Hamiltonian ~93.205 % filled.
Memory consumption estimate: > 0.00 GB
Hamiltonian ~93.205 % filled.
Memory consumption estimate: > 0.00 GB
Memory consumption estimate: > 0.00 GB
Hamiltonian ~93.205 % filled.
Hamiltonian ~93.388 % filled.
Memory consumption estimate: > 0.00 GB
Hamiltonian ~93.388 % filled.
Memory consumption estimate: > 0.00 GB
Hamiltonian ~93.205 % filled.
Memory consumption estimate: > 0.00 GB
Hamiltonian ~93.388 % filled.
Memory consumption estimate: > 0.00 GB
Hamiltonian ~92.103 % filled.
Memory consumption estimate: > 0.00 GB
Hamiltonian ~93.388 % filled.
Memory consumption estimate: > 0.00 GB
Hamiltonian ~93.205 % filled.
Memory consumption estimate: > 0.00 GB
Hamiltonian ~93.388 % filled.
Memory consumption estimate: > 0.00 GB
Hamiltonian ~93.205 % filled.
Memory consumption estimate: > 0.00 GB
Memory consumption estimate: > 0.00 GB
Hamiltonian ~93.388 % filled.
Hamiltonian ~93.205 % filled.
Memory consumption estimate: > 0.00 GB
Hamiltonian ~93.388 % filled.
Memory consumption estimate: > 0.00 GB
Hamiltonian ~93.021 % filled.
Memory consumption estimate: > 0.00 GB
Hamiltonian ~93.388 % filled.
Memory consumption estimate: > 0.00 GB
Hamiltonian ~93.021 % filled.
Memory consumption estimate: > 0.00 GB
Hamiltonian ~93.388 % filled.
Memory consumption estimate: > 0.00 GB
Hamiltonian ~93.021 % filled.
Memory consumption estimate: > 0.00 GB
Memory consumption estimate: > 0.00 GB
Hamiltonian ~93.388 % filled.
Hamiltonian ~93.205 % filled.
Memory consumption estimate: > 0.00 GB
Hamiltonian ~93.388 % filled.
Memory consumption estimate: > 0.00 GB
Hamiltonian ~93.205 % filled.
Memory consumption estimate: > 0.00 GB
Hamiltonian ~93.388 % filled.
Memory consumption estimate: > 0.00 GB
Hamiltonian ~93.205 % filled.
Memory consumption estimate: > 0.00 GB
Hamiltonian ~93.388 % filled.
Memory consumption estimate: > 0.00 GB
Hamiltonian ~93.205 % filled.
Memory consumption estimate: > 0.00 GB
Hamiltonian ~93.388 % filled.
Memory consumption estimate: > 0.00 GB
Hamiltonian ~93.205 % filled.
Memory consumption estimate: > 0.00 GB
Hamiltonian ~93.388 % filled.
Memory consumption estimate: > 0.00 GB
Memory consumption estimate: > 0.00 GB
Hamiltonian ~93.021 % filled.
Hamiltonian ~93.388 % filled.
Memory consumption estimate: > 0.00 GB
Hamiltonian ~92.837 % filled.
Memory consumption estimate: > 0.00 GB
Hamiltonian ~93.388 % filled.
Memory consumption estimate: > 0.00 GB
Hamiltonian ~92.837 % filled.
Memory consumption estimate: > 0.00 GB
Hamiltonian ~93.388 % filled.
Memory consumption estimate: > 0.00 GB
Hamiltonian ~92.837 % filled.
Memory consumption estimate: > 0.00 GB
Hamiltonian ~93.388 % filled.
Memory consumption estimate: > 0.00 GB
Hamiltonian ~92.837 % filled.
Memory consumption estimate: > 0.00 GB
Hamiltonian ~93.388 % filled.
Memory consumption estimate: > 0.00 GB
Hamiltonian ~92.837 % filled.
Memory consumption estimate: > 0.00 GB
Hamiltonian ~93.388 % filled.
Memory consumption estimate: > 0.00 GB
Hamiltonian ~92.654 % filled.
Memory consumption estimate: > 0.00 GB
Hamiltonian ~93.388 % filled.
Memory consumption estimate: > 0.00 GB
Memory consumption estimate: > 0.00 GB
Hamiltonian ~92.837 % filled.
Hamiltonian ~93.205 % filled.
Memory consumption estimate: > 0.00 GB
Hamiltonian ~92.837 % filled.
Memory consumption estimate: > 0.00 GB
Hamiltonian ~93.205 % filled.
Memory consumption estimate: > 0.00 GB
Hamiltonian ~93.205 % filled.
Memory consumption estimate: > 0.00 GB
Hamiltonian ~93.388 % filled.
Memory consumption estimate: > 0.00 GB
Hamiltonian ~93.205 % filled.
Memory consumption estimate: > 0.00 GB
Hamiltonian ~93.388 % filled.
Memory consumption estimate: > 0.00 GB
Hamiltonian ~93.021 % filled.
Memory consumption estimate: > 0.00 GB
Hamiltonian ~93.388 % filled.
Memory consumption estimate: > 0.00 GB
Hamiltonian ~92.654 % filled.
Memory consumption estimate: > 0.00 GB
Hamiltonian ~93.205 % filled.
Memory consumption estimate: > 0.00 GB
Hamiltonian ~93.205 % filled.
Memory consumption estimate: > 0.00 GB
Hamiltonian ~93.388 % filled.
Memory consumption estimate: > 0.00 GB
Hamiltonian ~93.205 % filled.
Memory consumption estimate: > 0.00 GB
Hamiltonian ~93.388 % filled.
Memory consumption estimate: > 0.00 GB
Hamiltonian ~93.205 % filled.
Memory consumption estimate: > 0.00 GB
Hamiltonian ~93.388 % filled.
Memory consumption estimate: > 0.00 GB
Hamiltonian ~93.021 % filled.
Memory consumption estimate: > 0.00 GB
Hamiltonian ~93.388 % filled.
Memory consumption estimate: > 0.00 GB
Hamiltonian ~93.021 % filled.
Memory consumption estimate: > 0.00 GB
Hamiltonian ~93.388 % filled.
Memory consumption estimate: > 0.00 GB
Hamiltonian ~93.021 % filled.
Memory consumption estimate: > 0.00 GB
Hamiltonian ~93.388 % filled.
Memory consumption estimate: > 0.00 GB
Hamiltonian ~93.205 % filled.
Memory consumption estimate: > 0.00 GB
Hamiltonian ~93.388 % filled.
Memory consumption estimate: > 0.00 GB
Hamiltonian ~93.205 % filled.
Memory consumption estimate: > 0.00 GB
Hamiltonian ~93.388 % filled.
Memory consumption estimate: > 0.00 GB
Hamiltonian ~93.205 % filled.
Memory consumption estimate: > 0.00 GB
Hamiltonian ~93.388 % filled.
Memory consumption estimate: > 0.00 GB
Hamiltonian ~93.205 % filled.
Memory consumption estimate: > 0.00 GB
Hamiltonian ~93.388 % filled.
Memory consumption estimate: > 0.00 GB
Hamiltonian ~93.205 % filled.
Memory consumption estimate: > 0.00 GB
Hamiltonian ~93.388 % filled.
Memory consumption estimate: > 0.00 GB
Hamiltonian ~93.021 % filled.
Memory consumption estimate: > 0.00 GB
Hamiltonian ~93.388 % filled.
Memory consumption estimate: > 0.00 GB
Hamiltonian ~93.205 % filled.
Memory consumption estimate: > 0.00 GB
Hamiltonian ~93.388 % filled.
Memory consumption estimate: > 0.00 GB
Hamiltonian ~93.021 % filled.
Memory consumption estimate: > 0.00 GB
Memory consumption estimate: > 0.00 GB
Hamiltonian ~93.021 % filled.
Hamiltonian ~93.388 % filled.
Memory consumption estimate: > 0.00 GB
Hamiltonian ~93.388 % filled.
Memory consumption estimate: > 0.00 GB
Hamiltonian ~93.021 % filled.
Memory consumption estimate: > 0.00 GB
Hamiltonian ~93.388 % filled.
Memory consumption estimate: > 0.00 GB
Hamiltonian ~93.205 % filled.
Memory consumption estimate: > 0.00 GB
Hamiltonian ~93.388 % filled.
Memory consumption estimate: > 0.00 GB
Hamiltonian ~93.205 % filled.
Memory consumption estimate: > 0.00 GB
Hamiltonian ~93.388 % filled.
Memory consumption estimate: > 0.00 GB
Hamiltonian ~93.021 % filled.
Memory consumption estimate: > 0.00 GB
Hamiltonian ~93.388 % filled.
Memory consumption estimate: > 0.00 GB
Hamiltonian ~92.837 % filled.
Memory consumption estimate: > 0.00 GB
Hamiltonian ~93.388 % filled.
Memory consumption estimate: > 0.00 GB
Hamiltonian ~93.205 % filled.
Memory consumption estimate: > 0.00 GB
Hamiltonian ~93.388 % filled.
Memory consumption estimate: > 0.00 GB
Hamiltonian ~93.205 % filled.
Memory consumption estimate: > 0.00 GB
Memory consumption estimate: > 0.00 GB
Hamiltonian ~93.388 % filled.
Hamiltonian ~93.205 % filled.
Memory consumption estimate: > 0.00 GB
Hamiltonian ~93.388 % filled.
Memory consumption estimate: > 0.00 GB
Hamiltonian ~93.205 % filled.
Memory consumption estimate: > 0.00 GB
Hamiltonian ~93.388 % filled.
Memory consumption estimate: > 0.00 GB
Hamiltonian ~91.919 % filled.
Memory consumption estimate: > 0.00 GB
Memory consumption estimate: > 0.00 GB
Hamiltonian ~93.205 % filled.
Hamiltonian ~92.654 % filled.
Memory consumption estimate: > 0.00 GB
Hamiltonian ~93.205 % filled.
Memory consumption estimate: > 0.00 GB
Hamiltonian ~92.654 % filled.
Memory consumption estimate: > 0.00 GB
Hamiltonian ~93.388 % filled.
Memory consumption estimate: > 0.00 GB
Hamiltonian ~92.654 % filled.
Memory consumption estimate: > 0.00 GB
Hamiltonian ~93.388 % filled.
Memory consumption estimate: > 0.00 GB
Hamiltonian ~92.837 % filled.
Memory consumption estimate: > 0.00 GB
Hamiltonian ~93.388 % filled.
Memory consumption estimate: > 0.00 GB
Hamiltonian ~92.837 % filled.
Memory consumption estimate: > 0.00 GB
Hamiltonian ~93.205 % filled.
Memory consumption estimate: > 0.00 GB
Memory consumption estimate: > 0.00 GB
Memory consumption estimate: > 0.00 GB
Hamiltonian ~93.021 % filled.
Hamiltonian ~93.205 % filled.
Hamiltonian ~92.837 % filled.
Memory consumption estimate: > 0.00 GB
Hamiltonian ~93.205 % filled.
Memory consumption estimate: > 0.00 GB
Hamiltonian ~93.205 % filled.
Memory consumption estimate: > 0.00 GB
Hamiltonian ~93.388 % filled.
Memory consumption estimate: > 0.00 GB
Hamiltonian ~93.205 % filled.
Memory consumption estimate: > 0.00 GB
Hamiltonian ~93.388 % filled.
Memory consumption estimate: > 0.00 GB
Hamiltonian ~93.021 % filled.
Memory consumption estimate: > 0.00 GB
Hamiltonian ~93.388 % filled.
Memory consumption estimate: > 0.00 GB
Hamiltonian ~92.837 % filled.
Memory consumption estimate: > 0.00 GB
Hamiltonian ~93.388 % filled.
Memory consumption estimate: > 0.00 GB
Hamiltonian ~93.205 % filled.
Memory consumption estimate: > 0.00 GB
Hamiltonian ~93.388 % filled.
Memory consumption estimate: > 0.00 GB
Hamiltonian ~93.205 % filled.
Memory consumption estimate: > 0.00 GB
Hamiltonian ~93.388 % filled.
Memory consumption estimate: > 0.00 GB
Hamiltonian ~93.205 % filled.
Memory consumption estimate: > 0.00 GB
Hamiltonian ~93.388 % filled.
Memory consumption estimate: > 0.00 GB
Hamiltonian ~93.021 % filled.
Memory consumption estimate: > 0.00 GB
Hamiltonian ~93.388 % filled.
Memory consumption estimate: > 0.00 GB
Hamiltonian ~93.205 % filled.
Memory consumption estimate: > 0.00 GB
Memory consumption estimate: > 0.00 GB
Hamiltonian ~93.388 % filled.
Hamiltonian ~93.205 % filled.
Memory consumption estimate: > 0.00 GB
Hamiltonian ~93.388 % filled.
Memory consumption estimate: > 0.00 GB
Hamiltonian ~93.205 % filled.
Memory consumption estimate: > 0.00 GB
Hamiltonian ~93.388 % filled.
Memory consumption estimate: > 0.00 GB
Hamiltonian ~93.205 % filled.
Memory consumption estimate: > 0.00 GB
Hamiltonian ~93.388 % filled.
Memory consumption estimate: > 0.00 GB
Hamiltonian ~93.205 % filled.
Memory consumption estimate: > 0.00 GB
Hamiltonian ~93.388 % filled.
Memory consumption estimate: > 0.00 GB
Hamiltonian ~93.205 % filled.
Memory consumption estimate: > 0.00 GB
Hamiltonian ~93.388 % filled.
Memory consumption estimate: > 0.00 GB
Memory consumption estimate: > 0.00 GB
Hamiltonian ~93.205 % filled.
Hamiltonian ~93.388 % filled.
Memory consumption estimate: > 0.00 GB
Hamiltonian ~93.205 % filled.
Memory consumption estimate: > 0.00 GB
Hamiltonian ~93.388 % filled.
Memory consumption estimate: > 0.00 GB
Hamiltonian ~93.021 % filled.
Memory consumption estimate: > 0.00 GB
Hamiltonian ~93.388 % filled.
Memory consumption estimate: > 0.00 GB
Hamiltonian ~93.021 % filled.
Memory consumption estimate: > 0.00 GB
Hamiltonian ~93.388 % filled.
Memory consumption estimate: > 0.00 GB
Hamiltonian ~93.021 % filled.
Memory consumption estimate: > 0.00 GB
Hamiltonian ~93.388 % filled.
Memory consumption estimate: > 0.00 GB
Hamiltonian ~93.021 % filled.
Memory consumption estimate: > 0.00 GB
Hamiltonian ~93.388 % filled.
Memory consumption estimate: > 0.00 GB
Hamiltonian ~93.205 % filled.
Memory consumption estimate: > 0.00 GB
Memory consumption estimate: > 0.00 GB
Hamiltonian ~93.388 % filled.
Hamiltonian ~93.021 % filled.
Memory consumption estimate: > 0.00 GB
Hamiltonian ~93.388 % filled.
Memory consumption estimate: > 0.00 GB
Hamiltonian ~92.837 % filled.
Memory consumption estimate: > 0.00 GB
Hamiltonian ~93.205 % filled.
Memory consumption estimate: > 0.00 GB
Hamiltonian ~92.654 % filled.
Memory consumption estimate: > 0.00 GB
Memory consumption estimate: > 0.00 GB
Hamiltonian ~93.205 % filled.
Hamiltonian ~93.021 % filled.
Memory consumption estimate: > 0.00 GB
Hamiltonian ~93.388 % filled.
Memory consumption estimate: > 0.00 GB
Hamiltonian ~93.205 % filled.
Memory consumption estimate: > 0.00 GB
Hamiltonian ~93.388 % filled.
Memory consumption estimate: > 0.00 GB
Hamiltonian ~93.205 % filled.
Memory consumption estimate: > 0.00 GB
Hamiltonian ~93.388 % filled.
Memory consumption estimate: > 0.00 GB
Hamiltonian ~92.837 % filled.
Memory consumption estimate: > 0.00 GB
Hamiltonian ~93.205 % filled.
Memory consumption estimate: > 0.00 GB
Hamiltonian ~92.654 % filled.
Memory consumption estimate: > 0.00 GB
Hamiltonian ~93.205 % filled.
Memory consumption estimate: > 0.00 GB
Hamiltonian ~92.654 % filled.
Memory consumption estimate: > 0.00 GB
Hamiltonian ~93.205 % filled.
Memory consumption estimate: > 0.00 GB
Hamiltonian ~92.837 % filled.
Memory consumption estimate: > 0.00 GB
Hamiltonian ~93.388 % filled.
Memory consumption estimate: > 0.00 GB
Hamiltonian ~92.654 % filled.
Memory consumption estimate: > 0.00 GB
Hamiltonian ~93.388 % filled.
Memory consumption estimate: > 0.00 GB
Hamiltonian ~92.654 % filled.
Memory consumption estimate: > 0.00 GB
Hamiltonian ~93.388 % filled.
Memory consumption estimate: > 0.00 GB
Hamiltonian ~92.837 % filled.
Memory consumption estimate: > 0.00 GB
Hamiltonian ~93.388 % filled.
Memory consumption estimate: > 0.00 GB
Hamiltonian ~93.205 % filled.
Memory consumption estimate: > 0.00 GB
Hamiltonian ~93.388 % filled.
Memory consumption estimate: > 0.00 GB
Hamiltonian ~93.205 % filled.
Memory consumption estimate: > 0.00 GB
Hamiltonian ~93.388 % filled.
Memory consumption estimate: > 0.00 GB
Hamiltonian ~93.205 % filled.
Memory consumption estimate: > 0.00 GB
Hamiltonian ~93.388 % filled.
Memory consumption estimate: > 0.00 GB
Hamiltonian ~93.205 % filled.
Memory consumption estimate: > 0.00 GB
Hamiltonian ~93.388 % filled.
Memory consumption estimate: > 0.00 GB
Hamiltonian ~93.205 % filled.
Memory consumption estimate: > 0.00 GB
Hamiltonian ~93.388 % filled.
Memory consumption estimate: > 0.00 GB
Hamiltonian ~93.205 % filled.
Memory consumption estimate: > 0.00 GB
Hamiltonian ~93.388 % filled.
Memory consumption estimate: > 0.00 GB
Hamiltonian ~93.205 % filled.
Memory consumption estimate: > 0.00 GB
Hamiltonian ~93.388 % filled.
Memory consumption estimate: > 0.00 GB
Hamiltonian ~93.021 % filled.
Memory consumption estimate: > 0.00 GB
Memory consumption estimate: > 0.00 GB
Hamiltonian ~93.021 % filled.
Hamiltonian ~93.388 % filled.
Memory consumption estimate: > 0.00 GB
Hamiltonian ~93.388 % filled.
Memory consumption estimate: > 0.00 GB
Hamiltonian ~93.021 % filled.
Memory consumption estimate: > 0.00 GB
Hamiltonian ~93.388 % filled.
Memory consumption estimate: > 0.00 GB
Hamiltonian ~93.388 % filled.
Memory consumption estimate: > 0.00 GB
Hamiltonian ~93.388 % filled.
Memory consumption estimate: > 0.00 GB
Hamiltonian ~93.205 % filled.
Memory consumption estimate: > 0.00 GB
Hamiltonian ~93.388 % filled.
Memory consumption estimate: > 0.00 GB
Hamiltonian ~93.205 % filled.
Memory consumption estimate: > 0.00 GB
Hamiltonian ~93.388 % filled.
Memory consumption estimate: > 0.00 GB
Hamiltonian ~93.205 % filled.
Memory consumption estimate: > 0.00 GB
Hamiltonian ~93.388 % filled.
Memory consumption estimate: > 0.00 GB
Hamiltonian ~93.205 % filled.
Memory consumption estimate: > 0.00 GB
Hamiltonian ~93.388 % filled.
Memory consumption estimate: > 0.00 GB
Hamiltonian ~93.205 % filled.
Memory consumption estimate: > 0.00 GB
Hamiltonian ~93.388 % filled.
Memory consumption estimate: > 0.00 GB
Hamiltonian ~93.205 % filled.
Memory consumption estimate: > 0.00 GB
Hamiltonian ~93.388 % filled.
Memory consumption estimate: > 0.00 GB
Hamiltonian ~93.205 % filled.
Memory consumption estimate: > 0.00 GB
Hamiltonian ~93.388 % filled.
Memory consumption estimate: > 0.00 GB
Hamiltonian ~92.287 % filled.
Memory consumption estimate: > 0.00 GB
Hamiltonian ~93.205 % filled.
Memory consumption estimate: > 0.00 GB
Hamiltonian ~92.287 % filled.
Memory consumption estimate: > 0.00 GB
Hamiltonian ~93.205 % filled.
Memory consumption estimate: > 0.00 GB
Hamiltonian ~93.021 % filled.
Memory consumption estimate: > 0.00 GB
Hamiltonian ~93.388 % filled.
Memory consumption estimate: > 0.00 GB
Hamiltonian ~93.021 % filled.
Memory consumption estimate: > 0.00 GB
Hamiltonian ~93.388 % filled.
Memory consumption estimate: > 0.00 GB
Hamiltonian ~93.021 % filled.
Memory consumption estimate: > 0.00 GB
Hamiltonian ~93.388 % filled.
Memory consumption estimate: > 0.00 GB
Hamiltonian ~93.021 % filled.
Memory consumption estimate: > 0.00 GB
Hamiltonian ~93.205 % filled.
Memory consumption estimate: > 0.00 GB
Hamiltonian ~91.919 % filled.
Memory consumption estimate: > 0.00 GB
Hamiltonian ~92.837 % filled.
Memory consumption estimate: > 0.00 GB
Hamiltonian ~91.919 % filled.
Memory consumption estimate: > 0.00 GB
Hamiltonian ~93.205 % filled.
Memory consumption estimate: > 0.00 GB
Hamiltonian ~93.021 % filled.
Memory consumption estimate: > 0.00 GB
Hamiltonian ~93.205 % filled.
Memory consumption estimate: > 0.00 GB
Hamiltonian ~93.205 % filled.
Memory consumption estimate: > 0.00 GB
Hamiltonian ~93.205 % filled.
Memory consumption estimate: > 0.00 GB
Hamiltonian ~93.205 % filled.
Memory consumption estimate: > 0.00 GB
Hamiltonian ~93.205 % filled.
Memory consumption estimate: > 0.00 GB
Hamiltonian ~92.654 % filled.
Memory consumption estimate: > 0.00 GB
Hamiltonian ~93.021 % filled.
Memory consumption estimate: > 0.00 GB
Hamiltonian ~91.919 % filled.
Memory consumption estimate: > 0.00 GB
Hamiltonian ~93.205 % filled.
Memory consumption estimate: > 0.00 GB
Hamiltonian ~91.919 % filled.
Memory consumption estimate: > 0.00 GB
Hamiltonian ~93.388 % filled.
Memory consumption estimate: > 0.00 GB
Hamiltonian ~92.837 % filled.
Memory consumption estimate: > 0.00 GB
Hamiltonian ~93.388 % filled.
Memory consumption estimate: > 0.00 GB
Hamiltonian ~92.837 % filled.
Memory consumption estimate: > 0.00 GB
Hamiltonian ~93.388 % filled.
Memory consumption estimate: > 0.00 GB
Hamiltonian ~92.654 % filled.
Memory consumption estimate: > 0.00 GB
Hamiltonian ~93.388 % filled.
Memory consumption estimate: > 0.00 GB
Hamiltonian ~92.654 % filled.
Memory consumption estimate: > 0.00 GB
Hamiltonian ~93.205 % filled.
Memory consumption estimate: > 0.00 GB
Hamiltonian ~92.287 % filled.
Memory consumption estimate: > 0.00 GB
Hamiltonian ~93.021 % filled.
Memory consumption estimate: > 0.00 GB
Hamiltonian ~92.103 % filled.
Memory consumption estimate: > 0.00 GB
Hamiltonian ~93.388 % filled.
Memory consumption estimate: > 0.00 GB
Hamiltonian ~93.205 % filled.
Memory consumption estimate: > 0.00 GB
Hamiltonian ~93.388 % filled.
Memory consumption estimate: > 0.00 GB
Hamiltonian ~93.205 % filled.
Memory consumption estimate: > 0.00 GB
Hamiltonian ~93.388 % filled.
Memory consumption estimate: > 0.00 GB
Hamiltonian ~93.205 % filled.
Memory consumption estimate: > 0.00 GB
Hamiltonian ~93.388 % filled.
Memory consumption estimate: > 0.00 GB
Hamiltonian ~93.021 % filled.
Memory consumption estimate: > 0.00 GB
Hamiltonian ~93.205 % filled.
Memory consumption estimate: > 0.00 GB
Hamiltonian ~92.287 % filled.
Memory consumption estimate: > 0.00 GB
Hamiltonian ~93.205 % filled.
Memory consumption estimate: > 0.00 GB
Hamiltonian ~92.103 % filled.
Memory consumption estimate: > 0.00 GB
Hamiltonian ~93.205 % filled.
Memory consumption estimate: > 0.00 GB
Hamiltonian ~93.021 % filled.
Memory consumption estimate: > 0.00 GB
Hamiltonian ~93.388 % filled.
Memory consumption estimate: > 0.00 GB
Hamiltonian ~93.021 % filled.
Memory consumption estimate: > 0.00 GB
Hamiltonian ~93.388 % filled.
Memory consumption estimate: > 0.00 GB
Memory consumption estimate: > 0.00 GB
Hamiltonian ~93.205 % filled.
Hamiltonian ~93.388 % filled.
Memory consumption estimate: > 0.00 GB
Hamiltonian ~93.021 % filled.
Memory consumption estimate: > 0.00 GB
Hamiltonian ~93.205 % filled.
Memory consumption estimate: > 0.00 GB
Hamiltonian ~92.287 % filled.
Memory consumption estimate: > 0.00 GB
Hamiltonian ~92.837 % filled.
Memory consumption estimate: > 0.00 GB
Hamiltonian ~92.103 % filled.
Memory consumption estimate: > 0.00 GB
Hamiltonian ~93.205 % filled.
Memory consumption estimate: > 0.00 GB
Hamiltonian ~93.205 % filled.
Memory consumption estimate: > 0.00 GB
Hamiltonian ~93.205 % filled.
Memory consumption estimate: > 0.00 GB
Hamiltonian ~93.205 % filled.
Memory consumption estimate: > 0.00 GB
Hamiltonian ~93.205 % filled.
Memory consumption estimate: > 0.00 GB
Hamiltonian ~93.205 % filled.
Memory consumption estimate: > 0.00 GB
Hamiltonian ~93.205 % filled.
Memory consumption estimate: > 0.00 GB
Hamiltonian ~93.021 % filled.
Memory consumption estimate: > 0.00 GB
Hamiltonian ~93.021 % filled.
systematic0.py:291 systematic_search INFO We have identified 177 unique conformers for <TS "COC=CO.[CH3]">
Solved zero times.

Timing:
            label                    time     calls    %sub  %covered   %tot
-------------------------------------------------------------------------------
Hotbit                           16658.299         1 (100.0 %,  0.0 %) 100.0 % |000000000000000000000000000000|
../initialization                    0.224         1 (  0.0 %        )   0.0 % ||
 -------------------------------------------------------------------------------
total time    16658.299 seconds      4 h  37 min  38 sec
Mon Sep 23 14:32:58 2019
job.py:67 __init__ INFO Job directory not specified...setting Job directory to calculator directory
job.py:74 __init__ INFO Job scratch directory not specified...setting Job scratch to calculator scratch
job.py:605 calculate_reaction INFO Calculating geometries for <Reaction "OC=COC+[CH3]_OC=CO[CH2]+C">
job.py:556 calculate_transitionstate INFO Submitting SHELL calculations for OC=COC+[CH3]_OC=CO[CH2]+C_forward_165
job.py:556 calculate_transitionstate INFO Submitting SHELL calculations for OC=COC+[CH3]_OC=CO[CH2]+C_forward_166
job.py:556 calculate_transitionstate INFO Submitting SHELL calculations for OC=COC+[CH3]_OC=CO[CH2]+C_forward_43
Process Process-600:
Traceback (most recent call last):
  File "/home/harms.n/anaconda2/envs/rmg_env/lib/python2.7/multiprocessing/process.py", line 267, in _bootstrap
    self.run()
  File "/home/harms.n/anaconda2/envs/rmg_env/lib/python2.7/multiprocessing/process.py", line 114, in run
    self._target(*self._args, **self._kwargs)
  File "/home/harms.n/Code/AutoTST/autotst/job/job.py", line 558, in calculate_transitionstate
    transitionstate, opt_type=opt_type.lower())
  File "/home/harms.n/Code/AutoTST/autotst/job/job.py", line 467, in submit_transitionstate
    ase_calculator = self.calculator.get_shell_calc()
  File "/home/harms.n/Code/AutoTST/autotst/calculator/gaussian.py", line 273, in get_shell_calc
    ind1 = self.conformer.rmg_molecule.getLabeledAtom("*1")[0].sortingLabel
TypeError: 'rmgpy.molecule.molecule.Atom' object has no attribute '__getitem__'
job.py:556 calculate_transitionstate INFO Submitting SHELL calculations for OC=COC+[CH3]_OC=CO[CH2]+C_forward_44
job.py:556 calculate_transitionstate INFO Submitting SHELL calculations for OC=COC+[CH3]_OC=CO[CH2]+C_forward_37
Process Process-601:
Traceback (most recent call last):
  File "/home/harms.n/anaconda2/envs/rmg_env/lib/python2.7/multiprocessing/process.py", line 267, in _bootstrap
    self.run()
  File "/home/harms.n/anaconda2/envs/rmg_env/lib/python2.7/multiprocessing/process.py", line 114, in run
    self._target(*self._args, **self._kwargs)
  File "/home/harms.n/Code/AutoTST/autotst/job/job.py", line 558, in calculate_transitionstate
    transitionstate, opt_type=opt_type.lower())
  File "/home/harms.n/Code/AutoTST/autotst/job/job.py", line 467, in submit_transitionstate
    ase_calculator = self.calculator.get_shell_calc()
  File "/home/harms.n/Code/AutoTST/autotst/calculator/gaussian.py", line 273, in get_shell_calc
    ind1 = self.conformer.rmg_molecule.getLabeledAtom("*1")[0].sortingLabel
TypeError: 'rmgpy.molecule.molecule.Atom' object has no attribute '__getitem__'
Process Process-478:
Traceback (most recent call last):
  File "/home/harms.n/anaconda2/envs/rmg_env/lib/python2.7/multiprocessing/process.py", line 267, in _bootstrap
    self.run()
  File "/home/harms.n/anaconda2/envs/rmg_env/lib/python2.7/multiprocessing/process.py", line 114, in run
    self._target(*self._args, **self._kwargs)
  File "/home/harms.n/Code/AutoTST/autotst/job/job.py", line 558, in calculate_transitionstate
    transitionstate, opt_type=opt_type.lower())
  File "/home/harms.n/Code/AutoTST/autotst/job/job.py", line 467, in submit_transitionstate
    ase_calculator = self.calculator.get_shell_calc()
  File "/home/harms.n/Code/AutoTST/autotst/calculator/gaussian.py", line 273, in get_shell_calc
    ind1 = self.conformer.rmg_molecule.getLabeledAtom("*1")[0].sortingLabel
TypeError: 'rmgpy.molecule.molecule.Atom' object has no attribute '__getitem__'
job.py:556 calculate_transitionstate INFO Submitting SHELL calculations for OC=COC+[CH3]_OC=CO[CH2]+C_forward_38
Process Process-479:
Traceback (most recent call last):
  File "/home/harms.n/anaconda2/envs/rmg_env/lib/python2.7/multiprocessing/process.py", line 267, in _bootstrap
    self.run()
  File "/home/harms.n/anaconda2/envs/rmg_env/lib/python2.7/multiprocessing/process.py", line 114, in run
    self._target(*self._args, **self._kwargs)
  File "/home/harms.n/Code/AutoTST/autotst/job/job.py", line 558, in calculate_transitionstate
    transitionstate, opt_type=opt_type.lower())
  File "/home/harms.n/Code/AutoTST/autotst/job/job.py", line 467, in submit_transitionstate
    ase_calculator = self.calculator.get_shell_calc()
  File "/home/harms.n/Code/AutoTST/autotst/calculator/gaussian.py", line 273, in get_shell_calc
    ind1 = self.conformer.rmg_molecule.getLabeledAtom("*1")[0].sortingLabel
TypeError: 'rmgpy.molecule.molecule.Atom' object has no attribute '__getitem__'
Process Process-472:
Traceback (most recent call last):
  File "/home/harms.n/anaconda2/envs/rmg_env/lib/python2.7/multiprocessing/process.py", line 267, in _bootstrap
    self.run()
  File "/home/harms.n/anaconda2/envs/rmg_env/lib/python2.7/multiprocessing/process.py", line 114, in run
    self._target(*self._args, **self._kwargs)
  File "/home/harms.n/Code/AutoTST/autotst/job/job.py", line 558, in calculate_transitionstate
    transitionstate, opt_type=opt_type.lower())
  File "/home/harms.n/Code/AutoTST/autotst/job/job.py", line 467, in submit_transitionstate
    ase_calculator = self.calculator.get_shell_calc()
  File "/home/harms.n/Code/AutoTST/autotst/calculator/gaussian.py", line 273, in get_shell_calc
    ind1 = self.conformer.rmg_molecule.getLabeledAtom("*1")[0].sortingLabel
TypeError: 'rmgpy.molecule.molecule.Atom' object has no attribute '__getitem__'
job.py:556 calculate_transitionstate INFO Submitting SHELL calculations for OC=COC+[CH3]_OC=CO[CH2]+C_forward_35
job.py:556 calculate_transitionstate INFO Submitting SHELL calculations for OC=COC+[CH3]_OC=CO[CH2]+C_forward_36
Process Process-473:
Traceback (most recent call last):
  File "/home/harms.n/anaconda2/envs/rmg_env/lib/python2.7/multiprocessing/process.py", line 267, in _bootstrap
    self.run()
  File "/home/harms.n/anaconda2/envs/rmg_env/lib/python2.7/multiprocessing/process.py", line 114, in run
    self._target(*self._args, **self._kwargs)
  File "/home/harms.n/Code/AutoTST/autotst/job/job.py", line 558, in calculate_transitionstate
    transitionstate, opt_type=opt_type.lower())
  File "/home/harms.n/Code/AutoTST/autotst/job/job.py", line 467, in submit_transitionstate
    ase_calculator = self.calculator.get_shell_calc()
  File "/home/harms.n/Code/AutoTST/autotst/calculator/gaussian.py", line 273, in get_shell_calc
    ind1 = self.conformer.rmg_molecule.getLabeledAtom("*1")[0].sortingLabel
TypeError: 'rmgpy.molecule.molecule.Atom' object has no attribute '__getitem__'
job.py:556 calculate_transitionstate INFO Submitting SHELL calculations for OC=COC+[CH3]_OC=CO[CH2]+C_forward_41
job.py:556 calculate_transitionstate INFO Submitting SHELL calculations for OC=COC+[CH3]_OC=CO[CH2]+C_forward_42
Process Process-470:
Traceback (most recent call last):
  File "/home/harms.n/anaconda2/envs/rmg_env/lib/python2.7/multiprocessing/process.py", line 267, in _bootstrap
    self.run()
  File "/home/harms.n/anaconda2/envs/rmg_env/lib/python2.7/multiprocessing/process.py", line 114, in run
    self._target(*self._args, **self._kwargs)
  File "/home/harms.n/Code/AutoTST/autotst/job/job.py", line 558, in calculate_transitionstate
    transitionstate, opt_type=opt_type.lower())
  File "/home/harms.n/Code/AutoTST/autotst/job/job.py", line 467, in submit_transitionstate
    ase_calculator = self.calculator.get_shell_calc()
  File "/home/harms.n/Code/AutoTST/autotst/calculator/gaussian.py", line 273, in get_shell_calc
    ind1 = self.conformer.rmg_molecule.getLabeledAtom("*1")[0].sortingLabel
TypeError: 'rmgpy.molecule.molecule.Atom' object has no attribute '__getitem__'
job.py:556 calculate_transitionstate INFO Submitting SHELL calculations for OC=COC+[CH3]_OC=CO[CH2]+C_forward_39
Process Process-471:
Traceback (most recent call last):
  File "/home/harms.n/anaconda2/envs/rmg_env/lib/python2.7/multiprocessing/process.py", line 267, in _bootstrap
    self.run()
  File "/home/harms.n/anaconda2/envs/rmg_env/lib/python2.7/multiprocessing/process.py", line 114, in run
    self._target(*self._args, **self._kwargs)
  File "/home/harms.n/Code/AutoTST/autotst/job/job.py", line 558, in calculate_transitionstate
    transitionstate, opt_type=opt_type.lower())
  File "/home/harms.n/Code/AutoTST/autotst/job/job.py", line 467, in submit_transitionstate
    ase_calculator = self.calculator.get_shell_calc()
  File "/home/harms.n/Code/AutoTST/autotst/calculator/gaussian.py", line 273, in get_shell_calc
    ind1 = self.conformer.rmg_molecule.getLabeledAtom("*1")[0].sortingLabel
TypeError: 'rmgpy.molecule.molecule.Atom' object has no attribute '__getitem__'
job.py:556 calculate_transitionstate INFO Submitting SHELL calculations for OC=COC+[CH3]_OC=CO[CH2]+C_forward_40
Process Process-476:
Traceback (most recent call last):
  File "/home/harms.n/anaconda2/envs/rmg_env/lib/python2.7/multiprocessing/process.py", line 267, in _bootstrap
    self.run()
  File "/home/harms.n/anaconda2/envs/rmg_env/lib/python2.7/multiprocessing/process.py", line 114, in run
    self._target(*self._args, **self._kwargs)
  File "/home/harms.n/Code/AutoTST/autotst/job/job.py", line 558, in calculate_transitionstate
    transitionstate, opt_type=opt_type.lower())
  File "/home/harms.n/Code/AutoTST/autotst/job/job.py", line 467, in submit_transitionstate
    ase_calculator = self.calculator.get_shell_calc()
  File "/home/harms.n/Code/AutoTST/autotst/calculator/gaussian.py", line 273, in get_shell_calc
    ind1 = self.conformer.rmg_molecule.getLabeledAtom("*1")[0].sortingLabel
TypeError: 'rmgpy.molecule.molecule.Atom' object has no attribute '__getitem__'
Process Process-477:
Traceback (most recent call last):
  File "/home/harms.n/anaconda2/envs/rmg_env/lib/python2.7/multiprocessing/process.py", line 267, in _bootstrap
    self.run()
  File "/home/harms.n/anaconda2/envs/rmg_env/lib/python2.7/multiprocessing/process.py", line 114, in run
    self._target(*self._args, **self._kwargs)
  File "/home/harms.n/Code/AutoTST/autotst/job/job.py", line 558, in calculate_transitionstate
    transitionstate, opt_type=opt_type.lower())
  File "/home/harms.n/Code/AutoTST/autotst/job/job.py", line 467, in submit_transitionstate
    ase_calculator = self.calculator.get_shell_calc()
  File "/home/harms.n/Code/AutoTST/autotst/calculator/gaussian.py", line 273, in get_shell_calc
    ind1 = self.conformer.rmg_molecule.getLabeledAtom("*1")[0].sortingLabel
TypeError: 'rmgpy.molecule.molecule.Atom' object has no attribute '__getitem__'
job.py:556 calculate_transitionstate INFO Submitting SHELL calculations for OC=COC+[CH3]_OC=CO[CH2]+C_forward_138
job.py:556 calculate_transitionstate INFO Submitting SHELL calculations for OC=COC+[CH3]_OC=CO[CH2]+C_forward_137
Process Process-474:
Traceback (most recent call last):
  File "/home/harms.n/anaconda2/envs/rmg_env/lib/python2.7/multiprocessing/process.py", line 267, in _bootstrap
    self.run()
  File "/home/harms.n/anaconda2/envs/rmg_env/lib/python2.7/multiprocessing/process.py", line 114, in run
    self._target(*self._args, **self._kwargs)
  File "/home/harms.n/Code/AutoTST/autotst/job/job.py", line 558, in calculate_transitionstate
    transitionstate, opt_type=opt_type.lower())
  File "/home/harms.n/Code/AutoTST/autotst/job/job.py", line 467, in submit_transitionstate
    ase_calculator = self.calculator.get_shell_calc()
  File "/home/harms.n/Code/AutoTST/autotst/calculator/gaussian.py", line 273, in get_shell_calc
    ind1 = self.conformer.rmg_molecule.getLabeledAtom("*1")[0].sortingLabel
TypeError: 'rmgpy.molecule.molecule.Atom' object has no attribute '__getitem__'
job.py:556 calculate_transitionstate INFO Submitting SHELL calculations for OC=COC+[CH3]_OC=CO[CH2]+C_forward_136
Process Process-475:
Traceback (most recent call last):
  File "/home/harms.n/anaconda2/envs/rmg_env/lib/python2.7/multiprocessing/process.py", line 267, in _bootstrap
    self.run()
  File "/home/harms.n/anaconda2/envs/rmg_env/lib/python2.7/multiprocessing/process.py", line 114, in run
    self._target(*self._args, **self._kwargs)
  File "/home/harms.n/Code/AutoTST/autotst/job/job.py", line 558, in calculate_transitionstate
    transitionstate, opt_type=opt_type.lower())
  File "/home/harms.n/Code/AutoTST/autotst/job/job.py", line 467, in submit_transitionstate
    ase_calculator = self.calculator.get_shell_calc()
  File "/home/harms.n/Code/AutoTST/autotst/calculator/gaussian.py", line 273, in get_shell_calc
    ind1 = self.conformer.rmg_molecule.getLabeledAtom("*1")[0].sortingLabel
TypeError: 'rmgpy.molecule.molecule.Atom' object has no attribute '__getitem__'
job.py:556 calculate_transitionstate INFO Submitting SHELL calculations for OC=COC+[CH3]_OC=CO[CH2]+C_forward_135
job.py:556 calculate_transitionstate INFO Submitting SHELL calculations for OC=COC+[CH3]_OC=CO[CH2]+C_forward_142
Process Process-573:
Traceback (most recent call last):
  File "/home/harms.n/anaconda2/envs/rmg_env/lib/python2.7/multiprocessing/process.py", line 267, in _bootstrap
    self.run()
  File "/home/harms.n/anaconda2/envs/rmg_env/lib/python2.7/multiprocessing/process.py", line 114, in run
    self._target(*self._args, **self._kwargs)
  File "/home/harms.n/Code/AutoTST/autotst/job/job.py", line 558, in calculate_transitionstate
    transitionstate, opt_type=opt_type.lower())
  File "/home/harms.n/Code/AutoTST/autotst/job/job.py", line 467, in submit_transitionstate
    ase_calculator = self.calculator.get_shell_calc()
  File "/home/harms.n/Code/AutoTST/autotst/calculator/gaussian.py", line 273, in get_shell_calc
    ind1 = self.conformer.rmg_molecule.getLabeledAtom("*1")[0].sortingLabel
TypeError: 'rmgpy.molecule.molecule.Atom' object has no attribute '__getitem__'
job.py:556 calculate_transitionstate INFO Submitting SHELL calculations for OC=COC+[CH3]_OC=CO[CH2]+C_forward_141
Process Process-572:
Traceback (most recent call last):
  File "/home/harms.n/anaconda2/envs/rmg_env/lib/python2.7/multiprocessing/process.py", line 267, in _bootstrap
    self.run()
  File "/home/harms.n/anaconda2/envs/rmg_env/lib/python2.7/multiprocessing/process.py", line 114, in run
    self._target(*self._args, **self._kwargs)
  File "/home/harms.n/Code/AutoTST/autotst/job/job.py", line 558, in calculate_transitionstate
    transitionstate, opt_type=opt_type.lower())
  File "/home/harms.n/Code/AutoTST/autotst/job/job.py", line 467, in submit_transitionstate
    ase_calculator = self.calculator.get_shell_calc()
  File "/home/harms.n/Code/AutoTST/autotst/calculator/gaussian.py", line 273, in get_shell_calc
    ind1 = self.conformer.rmg_molecule.getLabeledAtom("*1")[0].sortingLabel
TypeError: 'rmgpy.molecule.molecule.Atom' object has no attribute '__getitem__'
job.py:556 calculate_transitionstate INFO Submitting SHELL calculations for OC=COC+[CH3]_OC=CO[CH2]+C_forward_140
Process Process-571:
Traceback (most recent call last):
  File "/home/harms.n/anaconda2/envs/rmg_env/lib/python2.7/multiprocessing/process.py", line 267, in _bootstrap
    self.run()
  File "/home/harms.n/anaconda2/envs/rmg_env/lib/python2.7/multiprocessing/process.py", line 114, in run
    self._target(*self._args, **self._kwargs)
  File "/home/harms.n/Code/AutoTST/autotst/job/job.py", line 558, in calculate_transitionstate
    transitionstate, opt_type=opt_type.lower())
  File "/home/harms.n/Code/AutoTST/autotst/job/job.py", line 467, in submit_transitionstate
    ase_calculator = self.calculator.get_shell_calc()
  File "/home/harms.n/Code/AutoTST/autotst/calculator/gaussian.py", line 273, in get_shell_calc
    ind1 = self.conformer.rmg_molecule.getLabeledAtom("*1")[0].sortingLabel
TypeError: 'rmgpy.molecule.molecule.Atom' object has no attribute '__getitem__'
job.py:556 calculate_transitionstate INFO Submitting SHELL calculations for OC=COC+[CH3]_OC=CO[CH2]+C_forward_139
job.py:556 calculate_transitionstate INFO Submitting SHELL calculations for OC=COC+[CH3]_OC=CO[CH2]+C_forward_153
Process Process-570:
Traceback (most recent call last):
  File "/home/harms.n/anaconda2/envs/rmg_env/lib/python2.7/multiprocessing/process.py", line 267, in _bootstrap
    self.run()
  File "/home/harms.n/anaconda2/envs/rmg_env/lib/python2.7/multiprocessing/process.py", line 114, in run
    self._target(*self._args, **self._kwargs)
  File "/home/harms.n/Code/AutoTST/autotst/job/job.py", line 558, in calculate_transitionstate
    transitionstate, opt_type=opt_type.lower())
  File "/home/harms.n/Code/AutoTST/autotst/job/job.py", line 467, in submit_transitionstate
    ase_calculator = self.calculator.get_shell_calc()
  File "/home/harms.n/Code/AutoTST/autotst/calculator/gaussian.py", line 273, in get_shell_calc
    ind1 = self.conformer.rmg_molecule.getLabeledAtom("*1")[0].sortingLabel
TypeError: 'rmgpy.molecule.molecule.Atom' object has no attribute '__getitem__'
job.py:556 calculate_transitionstate INFO Submitting SHELL calculations for OC=COC+[CH3]_OC=CO[CH2]+C_forward_144
Process Process-577:
Traceback (most recent call last):
  File "/home/harms.n/anaconda2/envs/rmg_env/lib/python2.7/multiprocessing/process.py", line 267, in _bootstrap
    self.run()
  File "/home/harms.n/anaconda2/envs/rmg_env/lib/python2.7/multiprocessing/process.py", line 114, in run
    self._target(*self._args, **self._kwargs)
  File "/home/harms.n/Code/AutoTST/autotst/job/job.py", line 558, in calculate_transitionstate
    transitionstate, opt_type=opt_type.lower())
  File "/home/harms.n/Code/AutoTST/autotst/job/job.py", line 467, in submit_transitionstate
    ase_calculator = self.calculator.get_shell_calc()
  File "/home/harms.n/Code/AutoTST/autotst/calculator/gaussian.py", line 273, in get_shell_calc
    ind1 = self.conformer.rmg_molecule.getLabeledAtom("*1")[0].sortingLabel
TypeError: 'rmgpy.molecule.molecule.Atom' object has no attribute '__getitem__'
job.py:556 calculate_transitionstate INFO Submitting SHELL calculations for OC=COC+[CH3]_OC=CO[CH2]+C_forward_143
Process Process-576:
Traceback (most recent call last):
  File "/home/harms.n/anaconda2/envs/rmg_env/lib/python2.7/multiprocessing/process.py", line 267, in _bootstrap
    self.run()
  File "/home/harms.n/anaconda2/envs/rmg_env/lib/python2.7/multiprocessing/process.py", line 114, in run
    self._target(*self._args, **self._kwargs)
  File "/home/harms.n/Code/AutoTST/autotst/job/job.py", line 558, in calculate_transitionstate
    transitionstate, opt_type=opt_type.lower())
  File "/home/harms.n/Code/AutoTST/autotst/job/job.py", line 467, in submit_transitionstate
    ase_calculator = self.calculator.get_shell_calc()
  File "/home/harms.n/Code/AutoTST/autotst/calculator/gaussian.py", line 273, in get_shell_calc
    ind1 = self.conformer.rmg_molecule.getLabeledAtom("*1")[0].sortingLabel
TypeError: 'rmgpy.molecule.molecule.Atom' object has no attribute '__getitem__'
job.py:556 calculate_transitionstate INFO Submitting SHELL calculations for OC=COC+[CH3]_OC=CO[CH2]+C_forward_154
Process Process-575:
Traceback (most recent call last):
  File "/home/harms.n/anaconda2/envs/rmg_env/lib/python2.7/multiprocessing/process.py", line 267, in _bootstrap
    self.run()
  File "/home/harms.n/anaconda2/envs/rmg_env/lib/python2.7/multiprocessing/process.py", line 114, in run
    self._target(*self._args, **self._kwargs)
  File "/home/harms.n/Code/AutoTST/autotst/job/job.py", line 558, in calculate_transitionstate
    transitionstate, opt_type=opt_type.lower())
  File "/home/harms.n/Code/AutoTST/autotst/job/job.py", line 467, in submit_transitionstate
    ase_calculator = self.calculator.get_shell_calc()
  File "/home/harms.n/Code/AutoTST/autotst/calculator/gaussian.py", line 273, in get_shell_calc
    ind1 = self.conformer.rmg_molecule.getLabeledAtom("*1")[0].sortingLabel
TypeError: 'rmgpy.molecule.molecule.Atom' object has no attribute '__getitem__'
job.py:556 calculate_transitionstate INFO Submitting SHELL calculations for OC=COC+[CH3]_OC=CO[CH2]+C_forward_125
Process Process-574:
Traceback (most recent call last):
  File "/home/harms.n/anaconda2/envs/rmg_env/lib/python2.7/multiprocessing/process.py", line 267, in _bootstrap
    self.run()
  File "/home/harms.n/anaconda2/envs/rmg_env/lib/python2.7/multiprocessing/process.py", line 114, in run
    self._target(*self._args, **self._kwargs)
  File "/home/harms.n/Code/AutoTST/autotst/job/job.py", line 558, in calculate_transitionstate
    transitionstate, opt_type=opt_type.lower())
  File "/home/harms.n/Code/AutoTST/autotst/job/job.py", line 467, in submit_transitionstate
    ase_calculator = self.calculator.get_shell_calc()
  File "/home/harms.n/Code/AutoTST/autotst/calculator/gaussian.py", line 273, in get_shell_calc
    ind1 = self.conformer.rmg_molecule.getLabeledAtom("*1")[0].sortingLabel
TypeError: 'rmgpy.molecule.molecule.Atom' object has no attribute '__getitem__'
job.py:556 calculate_transitionstate INFO Submitting SHELL calculations for OC=COC+[CH3]_OC=CO[CH2]+C_forward_126
Process Process-588:
Traceback (most recent call last):
  File "/home/harms.n/anaconda2/envs/rmg_env/lib/python2.7/multiprocessing/process.py", line 267, in _bootstrap
    self.run()
  File "/home/harms.n/anaconda2/envs/rmg_env/lib/python2.7/multiprocessing/process.py", line 114, in run
    self._target(*self._args, **self._kwargs)
  File "/home/harms.n/Code/AutoTST/autotst/job/job.py", line 558, in calculate_transitionstate
    transitionstate, opt_type=opt_type.lower())
  File "/home/harms.n/Code/AutoTST/autotst/job/job.py", line 467, in submit_transitionstate
    ase_calculator = self.calculator.get_shell_calc()
  File "/home/harms.n/Code/AutoTST/autotst/calculator/gaussian.py", line 273, in get_shell_calc
    ind1 = self.conformer.rmg_molecule.getLabeledAtom("*1")[0].sortingLabel
TypeError: 'rmgpy.molecule.molecule.Atom' object has no attribute '__getitem__'
job.py:556 calculate_transitionstate INFO Submitting SHELL calculations for OC=COC+[CH3]_OC=CO[CH2]+C_forward_127
Process Process-579:
Traceback (most recent call last):
  File "/home/harms.n/anaconda2/envs/rmg_env/lib/python2.7/multiprocessing/process.py", line 267, in _bootstrap
job.py:556 calculate_transitionstate INFO Submitting SHELL calculations for OC=COC+[CH3]_OC=CO[CH2]+C_forward_128
    self.run()
  File "/home/harms.n/anaconda2/envs/rmg_env/lib/python2.7/multiprocessing/process.py", line 114, in run
    self._target(*self._args, **self._kwargs)
  File "/home/harms.n/Code/AutoTST/autotst/job/job.py", line 558, in calculate_transitionstate
    transitionstate, opt_type=opt_type.lower())
  File "/home/harms.n/Code/AutoTST/autotst/job/job.py", line 467, in submit_transitionstate
    ase_calculator = self.calculator.get_shell_calc()
  File "/home/harms.n/Code/AutoTST/autotst/calculator/gaussian.py", line 273, in get_shell_calc
    ind1 = self.conformer.rmg_molecule.getLabeledAtom("*1")[0].sortingLabel
TypeError: 'rmgpy.molecule.molecule.Atom' object has no attribute '__getitem__'
Process Process-578:
Traceback (most recent call last):
  File "/home/harms.n/anaconda2/envs/rmg_env/lib/python2.7/multiprocessing/process.py", line 267, in _bootstrap
    self.run()
  File "/home/harms.n/anaconda2/envs/rmg_env/lib/python2.7/multiprocessing/process.py", line 114, in run
    self._target(*self._args, **self._kwargs)
  File "/home/harms.n/Code/AutoTST/autotst/job/job.py", line 558, in calculate_transitionstate
    transitionstate, opt_type=opt_type.lower())
  File "/home/harms.n/Code/AutoTST/autotst/job/job.py", line 467, in submit_transitionstate
    ase_calculator = self.calculator.get_shell_calc()
  File "/home/harms.n/Code/AutoTST/autotst/calculator/gaussian.py", line 273, in get_shell_calc
    ind1 = self.conformer.rmg_molecule.getLabeledAtom("*1")[0].sortingLabel
TypeError: 'rmgpy.molecule.molecule.Atom' object has no attribute '__getitem__'
job.py:556 calculate_transitionstate INFO Submitting SHELL calculations for OC=COC+[CH3]_OC=CO[CH2]+C_forward_129
job.py:556 calculate_transitionstate INFO Submitting SHELL calculations for OC=COC+[CH3]_OC=CO[CH2]+C_forward_130
Process Process-589:
Traceback (most recent call last):
  File "/home/harms.n/anaconda2/envs/rmg_env/lib/python2.7/multiprocessing/process.py", line 267, in _bootstrap
    self.run()
  File "/home/harms.n/anaconda2/envs/rmg_env/lib/python2.7/multiprocessing/process.py", line 114, in run
    self._target(*self._args, **self._kwargs)
  File "/home/harms.n/Code/AutoTST/autotst/job/job.py", line 558, in calculate_transitionstate
    transitionstate, opt_type=opt_type.lower())
  File "/home/harms.n/Code/AutoTST/autotst/job/job.py", line 467, in submit_transitionstate
    ase_calculator = self.calculator.get_shell_calc()
  File "/home/harms.n/Code/AutoTST/autotst/calculator/gaussian.py", line 273, in get_shell_calc
    ind1 = self.conformer.rmg_molecule.getLabeledAtom("*1")[0].sortingLabel
TypeError: 'rmgpy.molecule.molecule.Atom' object has no attribute '__getitem__'
job.py:556 calculate_transitionstate INFO Submitting SHELL calculations for OC=COC+[CH3]_OC=CO[CH2]+C_forward_131
Process Process-560:
Traceback (most recent call last):
  File "/home/harms.n/anaconda2/envs/rmg_env/lib/python2.7/multiprocessing/process.py", line 267, in _bootstrap
    self.run()
  File "/home/harms.n/anaconda2/envs/rmg_env/lib/python2.7/multiprocessing/process.py", line 114, in run
    self._target(*self._args, **self._kwargs)
  File "/home/harms.n/Code/AutoTST/autotst/job/job.py", line 558, in calculate_transitionstate
    transitionstate, opt_type=opt_type.lower())
  File "/home/harms.n/Code/AutoTST/autotst/job/job.py", line 467, in submit_transitionstate
    ase_calculator = self.calculator.get_shell_calc()
  File "/home/harms.n/Code/AutoTST/autotst/calculator/gaussian.py", line 273, in get_shell_calc
    ind1 = self.conformer.rmg_molecule.getLabeledAtom("*1")[0].sortingLabel
TypeError: 'rmgpy.molecule.molecule.Atom' object has no attribute '__getitem__'
job.py:556 calculate_transitionstate INFO Submitting SHELL calculations for OC=COC+[CH3]_OC=CO[CH2]+C_forward_132
Process Process-561:
Traceback (most recent call last):
  File "/home/harms.n/anaconda2/envs/rmg_env/lib/python2.7/multiprocessing/process.py", line 267, in _bootstrap
    self.run()
  File "/home/harms.n/anaconda2/envs/rmg_env/lib/python2.7/multiprocessing/process.py", line 114, in run
    self._target(*self._args, **self._kwargs)
  File "/home/harms.n/Code/AutoTST/autotst/job/job.py", line 558, in calculate_transitionstate
    transitionstate, opt_type=opt_type.lower())
  File "/home/harms.n/Code/AutoTST/autotst/job/job.py", line 467, in submit_transitionstate
    ase_calculator = self.calculator.get_shell_calc()
  File "/home/harms.n/Code/AutoTST/autotst/calculator/gaussian.py", line 273, in get_shell_calc
    ind1 = self.conformer.rmg_molecule.getLabeledAtom("*1")[0].sortingLabel
TypeError: 'rmgpy.molecule.molecule.Atom' object has no attribute '__getitem__'
job.py:556 calculate_transitionstate INFO Submitting SHELL calculations for OC=COC+[CH3]_OC=CO[CH2]+C_forward_133
job.py:556 calculate_transitionstate INFO Submitting SHELL calculations for OC=COC+[CH3]_OC=CO[CH2]+C_forward_134
Process Process-562:
Traceback (most recent call last):
  File "/home/harms.n/anaconda2/envs/rmg_env/lib/python2.7/multiprocessing/process.py", line 267, in _bootstrap
    self.run()
  File "/home/harms.n/anaconda2/envs/rmg_env/lib/python2.7/multiprocessing/process.py", line 114, in run
    self._target(*self._args, **self._kwargs)
  File "/home/harms.n/Code/AutoTST/autotst/job/job.py", line 558, in calculate_transitionstate
    transitionstate, opt_type=opt_type.lower())
  File "/home/harms.n/Code/AutoTST/autotst/job/job.py", line 467, in submit_transitionstate
    ase_calculator = self.calculator.get_shell_calc()
  File "/home/harms.n/Code/AutoTST/autotst/calculator/gaussian.py", line 273, in get_shell_calc
    ind1 = self.conformer.rmg_molecule.getLabeledAtom("*1")[0].sortingLabel
TypeError: 'rmgpy.molecule.molecule.Atom' object has no attribute '__getitem__'
job.py:556 calculate_transitionstate INFO Submitting SHELL calculations for OC=COC+[CH3]_OC=CO[CH2]+C_forward_52
Process Process-563:
Traceback (most recent call last):
  File "/home/harms.n/anaconda2/envs/rmg_env/lib/python2.7/multiprocessing/process.py", line 267, in _bootstrap
    self.run()
  File "/home/harms.n/anaconda2/envs/rmg_env/lib/python2.7/multiprocessing/process.py", line 114, in run
    self._target(*self._args, **self._kwargs)
  File "/home/harms.n/Code/AutoTST/autotst/job/job.py", line 558, in calculate_transitionstate
    transitionstate, opt_type=opt_type.lower())
  File "/home/harms.n/Code/AutoTST/autotst/job/job.py", line 467, in submit_transitionstate
    ase_calculator = self.calculator.get_shell_calc()
  File "/home/harms.n/Code/AutoTST/autotst/calculator/gaussian.py", line 273, in get_shell_calc
    ind1 = self.conformer.rmg_molecule.getLabeledAtom("*1")[0].sortingLabel
TypeError: 'rmgpy.molecule.molecule.Atom' object has no attribute '__getitem__'
job.py:556 calculate_transitionstate INFO Submitting SHELL calculations for OC=COC+[CH3]_OC=CO[CH2]+C_forward_51
job.py:556 calculate_transitionstate INFO Submitting SHELL calculations for OC=COC+[CH3]_OC=CO[CH2]+C_forward_50
Process Process-564:
Traceback (most recent call last):
  File "/home/harms.n/anaconda2/envs/rmg_env/lib/python2.7/multiprocessing/process.py", line 267, in _bootstrap
    self.run()
  File "/home/harms.n/anaconda2/envs/rmg_env/lib/python2.7/multiprocessing/process.py", line 114, in run
    self._target(*self._args, **self._kwargs)
  File "/home/harms.n/Code/AutoTST/autotst/job/job.py", line 558, in calculate_transitionstate
    transitionstate, opt_type=opt_type.lower())
  File "/home/harms.n/Code/AutoTST/autotst/job/job.py", line 467, in submit_transitionstate
    ase_calculator = self.calculator.get_shell_calc()
  File "/home/harms.n/Code/AutoTST/autotst/calculator/gaussian.py", line 273, in get_shell_calc
    ind1 = self.conformer.rmg_molecule.getLabeledAtom("*1")[0].sortingLabel
TypeError: 'rmgpy.molecule.molecule.Atom' object has no attribute '__getitem__'
job.py:556 calculate_transitionstate INFO Submitting SHELL calculations for OC=COC+[CH3]_OC=CO[CH2]+C_forward_49
Process Process-565:
Traceback (most recent call last):
  File "/home/harms.n/anaconda2/envs/rmg_env/lib/python2.7/multiprocessing/process.py", line 267, in _bootstrap
    self.run()
  File "/home/harms.n/anaconda2/envs/rmg_env/lib/python2.7/multiprocessing/process.py", line 114, in run
    self._target(*self._args, **self._kwargs)
  File "/home/harms.n/Code/AutoTST/autotst/job/job.py", line 558, in calculate_transitionstate
    transitionstate, opt_type=opt_type.lower())
  File "/home/harms.n/Code/AutoTST/autotst/job/job.py", line 467, in submit_transitionstate
    ase_calculator = self.calculator.get_shell_calc()
  File "/home/harms.n/Code/AutoTST/autotst/calculator/gaussian.py", line 273, in get_shell_calc
    ind1 = self.conformer.rmg_molecule.getLabeledAtom("*1")[0].sortingLabel
TypeError: 'rmgpy.molecule.molecule.Atom' object has no attribute '__getitem__'
Process Process-566:
Traceback (most recent call last):
  File "/home/harms.n/anaconda2/envs/rmg_env/lib/python2.7/multiprocessing/process.py", line 267, in _bootstrap
    self.run()
  File "/home/harms.n/anaconda2/envs/rmg_env/lib/python2.7/multiprocessing/process.py", line 114, in run
    self._target(*self._args, **self._kwargs)
  File "/home/harms.n/Code/AutoTST/autotst/job/job.py", line 558, in calculate_transitionstate
    transitionstate, opt_type=opt_type.lower())
  File "/home/harms.n/Code/AutoTST/autotst/job/job.py", line 467, in submit_transitionstate
    ase_calculator = self.calculator.get_shell_calc()
  File "/home/harms.n/Code/AutoTST/autotst/calculator/gaussian.py", line 273, in get_shell_calc
    ind1 = self.conformer.rmg_molecule.getLabeledAtom("*1")[0].sortingLabel
TypeError: 'rmgpy.molecule.molecule.Atom' object has no attribute '__getitem__'
job.py:556 calculate_transitionstate INFO Submitting SHELL calculations for OC=COC+[CH3]_OC=CO[CH2]+C_forward_48
Process Process-567:
Traceback (most recent call last):
  File "/home/harms.n/anaconda2/envs/rmg_env/lib/python2.7/multiprocessing/process.py", line 267, in _bootstrap
    self.run()
  File "/home/harms.n/anaconda2/envs/rmg_env/lib/python2.7/multiprocessing/process.py", line 114, in run
    self._target(*self._args, **self._kwargs)
  File "/home/harms.n/Code/AutoTST/autotst/job/job.py", line 558, in calculate_transitionstate
    transitionstate, opt_type=opt_type.lower())
  File "/home/harms.n/Code/AutoTST/autotst/job/job.py", line 467, in submit_transitionstate
    ase_calculator = self.calculator.get_shell_calc()
  File "/home/harms.n/Code/AutoTST/autotst/calculator/gaussian.py", line 273, in get_shell_calc
    ind1 = self.conformer.rmg_molecule.getLabeledAtom("*1")[0].sortingLabel
TypeError: 'rmgpy.molecule.molecule.Atom' object has no attribute '__getitem__'
job.py:556 calculate_transitionstate INFO Submitting SHELL calculations for OC=COC+[CH3]_OC=CO[CH2]+C_forward_47
job.py:556 calculate_transitionstate INFO Submitting SHELL calculations for OC=COC+[CH3]_OC=CO[CH2]+C_forward_46
Traceback (most recent call last):
  File "profile-ts.py", line 75, in <module>
    job.calculate_reaction()
  File "/home/harms.n/Code/AutoTST/autotst/job/job.py", line 631, in calculate_reaction
Process Process-568:
Traceback (most recent call last):
  File "/home/harms.n/anaconda2/envs/rmg_env/lib/python2.7/multiprocessing/process.py", line 267, in _bootstrap
    if not running.is_alive():
AttributeError: 'str' object has no attribute 'is_alive'
    self.run()
  File "/home/harms.n/anaconda2/envs/rmg_env/lib/python2.7/multiprocessing/process.py", line 114, in run
    self._target(*self._args, **self._kwargs)
  File "/home/harms.n/Code/AutoTST/autotst/job/job.py", line 558, in calculate_transitionstate
    transitionstate, opt_type=opt_type.lower())
  File "/home/harms.n/Code/AutoTST/autotst/job/job.py", line 467, in submit_transitionstate
    ase_calculator = self.calculator.get_shell_calc()
  File "/home/harms.n/Code/AutoTST/autotst/calculator/gaussian.py", line 273, in get_shell_calc
    ind1 = self.conformer.rmg_molecule.getLabeledAtom("*1")[0].sortingLabel
TypeError: 'rmgpy.molecule.molecule.Atom' object has no attribute '__getitem__'
job.py:556 calculate_transitionstate INFO Submitting SHELL calculations for OC=COC+[CH3]_OC=CO[CH2]+C_forward_45
Process Process-569:
Traceback (most recent call last):
  File "/home/harms.n/anaconda2/envs/rmg_env/lib/python2.7/multiprocessing/process.py", line 267, in _bootstrap
    self.run()
  File "/home/harms.n/anaconda2/envs/rmg_env/lib/python2.7/multiprocessing/process.py", line 114, in run
    self._target(*self._args, **self._kwargs)
  File "/home/harms.n/Code/AutoTST/autotst/job/job.py", line 558, in calculate_transitionstate
    transitionstate, opt_type=opt_type.lower())
  File "/home/harms.n/Code/AutoTST/autotst/job/job.py", line 467, in submit_transitionstate
    ase_calculator = self.calculator.get_shell_calc()
  File "/home/harms.n/Code/AutoTST/autotst/calculator/gaussian.py", line 273, in get_shell_calc
    ind1 = self.conformer.rmg_molecule.getLabeledAtom("*1")[0].sortingLabel
TypeError: 'rmgpy.molecule.molecule.Atom' object has no attribute '__getitem__'
job.py:556 calculate_transitionstate INFO Submitting SHELL calculations for OC=COC+[CH3]_OC=CO[CH2]+C_forward_54
Process Process-485:
Traceback (most recent call last):
  File "/home/harms.n/anaconda2/envs/rmg_env/lib/python2.7/multiprocessing/process.py", line 267, in _bootstrap
job.py:556 calculate_transitionstate INFO Submitting SHELL calculations for OC=COC+[CH3]_OC=CO[CH2]+C_forward_119
    self.run()
  File "/home/harms.n/anaconda2/envs/rmg_env/lib/python2.7/multiprocessing/process.py", line 114, in run
    self._target(*self._args, **self._kwargs)
  File "/home/harms.n/Code/AutoTST/autotst/job/job.py", line 558, in calculate_transitionstate
    transitionstate, opt_type=opt_type.lower())
  File "/home/harms.n/Code/AutoTST/autotst/job/job.py", line 467, in submit_transitionstate
    ase_calculator = self.calculator.get_shell_calc()
  File "/home/harms.n/Code/AutoTST/autotst/calculator/gaussian.py", line 273, in get_shell_calc
    ind1 = self.conformer.rmg_molecule.getLabeledAtom("*1")[0].sortingLabel
TypeError: 'rmgpy.molecule.molecule.Atom' object has no attribute '__getitem__'
job.py:556 calculate_transitionstate INFO Submitting SHELL calculations for OC=COC+[CH3]_OC=CO[CH2]+C_forward_53
Process Process-487:
Traceback (most recent call last):
  File "/home/harms.n/anaconda2/envs/rmg_env/lib/python2.7/multiprocessing/process.py", line 267, in _bootstrap
    self.run()
  File "/home/harms.n/anaconda2/envs/rmg_env/lib/python2.7/multiprocessing/process.py", line 114, in run
    self._target(*self._args, **self._kwargs)
  File "/home/harms.n/Code/AutoTST/autotst/job/job.py", line 558, in calculate_transitionstate
    transitionstate, opt_type=opt_type.lower())
  File "/home/harms.n/Code/AutoTST/autotst/job/job.py", line 467, in submit_transitionstate
    ase_calculator = self.calculator.get_shell_calc()
  File "/home/harms.n/Code/AutoTST/autotst/calculator/gaussian.py", line 273, in get_shell_calc
job.py:556 calculate_transitionstate INFO Submitting SHELL calculations for OC=COC+[CH3]_OC=CO[CH2]+C_forward_120
    ind1 = self.conformer.rmg_molecule.getLabeledAtom("*1")[0].sortingLabel
TypeError: 'rmgpy.molecule.molecule.Atom' object has no attribute '__getitem__'
Process Process-486:
Traceback (most recent call last):
  File "/home/harms.n/anaconda2/envs/rmg_env/lib/python2.7/multiprocessing/process.py", line 267, in _bootstrap
Process Process-484:
Traceback (most recent call last):
  File "/home/harms.n/anaconda2/envs/rmg_env/lib/python2.7/multiprocessing/process.py", line 267, in _bootstrap
    self.run()
  File "/home/harms.n/anaconda2/envs/rmg_env/lib/python2.7/multiprocessing/process.py", line 114, in run
    self._target(*self._args, **self._kwargs)
  File "/home/harms.n/Code/AutoTST/autotst/job/job.py", line 558, in calculate_transitionstate
    transitionstate, opt_type=opt_type.lower())
  File "/home/harms.n/Code/AutoTST/autotst/job/job.py", line 467, in submit_transitionstate
    ase_calculator = self.calculator.get_shell_calc()
  File "/home/harms.n/Code/AutoTST/autotst/calculator/gaussian.py", line 273, in get_shell_calc
    self.run()
  File "/home/harms.n/anaconda2/envs/rmg_env/lib/python2.7/multiprocessing/process.py", line 114, in run
    self._target(*self._args, **self._kwargs)
  File "/home/harms.n/Code/AutoTST/autotst/job/job.py", line 558, in calculate_transitionstate
    transitionstate, opt_type=opt_type.lower())
  File "/home/harms.n/Code/AutoTST/autotst/job/job.py", line 467, in submit_transitionstate
    ase_calculator = self.calculator.get_shell_calc()
  File "/home/harms.n/Code/AutoTST/autotst/calculator/gaussian.py", line 273, in get_shell_calc
    ind1 = self.conformer.rmg_molecule.getLabeledAtom("*1")[0].sortingLabel
TypeError: 'rmgpy.molecule.molecule.Atom' object has no attribute '__getitem__'
    ind1 = self.conformer.rmg_molecule.getLabeledAtom("*1")[0].sortingLabel
TypeError: 'rmgpy.molecule.molecule.Atom' object has no attribute '__getitem__'
job.py:556 calculate_transitionstate INFO Submitting SHELL calculations for OC=COC+[CH3]_OC=CO[CH2]+C_forward_122
Process Process-483:
Traceback (most recent call last):
  File "/home/harms.n/anaconda2/envs/rmg_env/lib/python2.7/multiprocessing/process.py", line 267, in _bootstrap
    self.run()
  File "/home/harms.n/anaconda2/envs/rmg_env/lib/python2.7/multiprocessing/process.py", line 114, in run
    self._target(*self._args, **self._kwargs)
  File "/home/harms.n/Code/AutoTST/autotst/job/job.py", line 558, in calculate_transitionstate
    transitionstate, opt_type=opt_type.lower())
  File "/home/harms.n/Code/AutoTST/autotst/job/job.py", line 467, in submit_transitionstate
    ase_calculator = self.calculator.get_shell_calc()
  File "/home/harms.n/Code/AutoTST/autotst/calculator/gaussian.py", line 273, in get_shell_calc
    ind1 = self.conformer.rmg_molecule.getLabeledAtom("*1")[0].sortingLabel
TypeError: 'rmgpy.molecule.molecule.Atom' object has no attribute '__getitem__'
job.py:556 calculate_transitionstate INFO Submitting SHELL calculations for OC=COC+[CH3]_OC=CO[CH2]+C_forward_121
Process Process-482:
Traceback (most recent call last):
  File "/home/harms.n/anaconda2/envs/rmg_env/lib/python2.7/multiprocessing/process.py", line 267, in _bootstrap
    self.run()
  File "/home/harms.n/anaconda2/envs/rmg_env/lib/python2.7/multiprocessing/process.py", line 114, in run
    self._target(*self._args, **self._kwargs)
  File "/home/harms.n/Code/AutoTST/autotst/job/job.py", line 558, in calculate_transitionstate
    transitionstate, opt_type=opt_type.lower())
  File "/home/harms.n/Code/AutoTST/autotst/job/job.py", line 467, in submit_transitionstate
    ase_calculator = self.calculator.get_shell_calc()
  File "/home/harms.n/Code/AutoTST/autotst/calculator/gaussian.py", line 273, in get_shell_calc
    ind1 = self.conformer.rmg_molecule.getLabeledAtom("*1")[0].sortingLabel
TypeError: 'rmgpy.molecule.molecule.Atom' object has no attribute '__getitem__'
Process Process-481:
Traceback (most recent call last):
  File "/home/harms.n/anaconda2/envs/rmg_env/lib/python2.7/multiprocessing/process.py", line 267, in _bootstrap
    self.run()
  File "/home/harms.n/anaconda2/envs/rmg_env/lib/python2.7/multiprocessing/process.py", line 114, in run
    self._target(*self._args, **self._kwargs)
  File "/home/harms.n/Code/AutoTST/autotst/job/job.py", line 558, in calculate_transitionstate
    transitionstate, opt_type=opt_type.lower())
  File "/home/harms.n/Code/AutoTST/autotst/job/job.py", line 467, in submit_transitionstate
    ase_calculator = self.calculator.get_shell_calc()
  File "/home/harms.n/Code/AutoTST/autotst/calculator/gaussian.py", line 273, in get_shell_calc
job.py:556 calculate_transitionstate INFO Submitting SHELL calculations for OC=COC+[CH3]_OC=CO[CH2]+C_forward_116
    ind1 = self.conformer.rmg_molecule.getLabeledAtom("*1")[0].sortingLabel
TypeError: 'rmgpy.molecule.molecule.Atom' object has no attribute '__getitem__'
job.py:556 calculate_transitionstate INFO Submitting SHELL calculations for OC=COC+[CH3]_OC=CO[CH2]+C_forward_115
Process Process-480:
Traceback (most recent call last):
  File "/home/harms.n/anaconda2/envs/rmg_env/lib/python2.7/multiprocessing/process.py", line 267, in _bootstrap
Process Process-557:
Traceback (most recent call last):
  File "/home/harms.n/anaconda2/envs/rmg_env/lib/python2.7/multiprocessing/process.py", line 267, in _bootstrap
Process Process-489:
Traceback (most recent call last):
  File "/home/harms.n/anaconda2/envs/rmg_env/lib/python2.7/multiprocessing/process.py", line 267, in _bootstrap
    self.run()
  File "/home/harms.n/anaconda2/envs/rmg_env/lib/python2.7/multiprocessing/process.py", line 114, in run
    self.run()
    self._target(*self._args, **self._kwargs)
  File "/home/harms.n/anaconda2/envs/rmg_env/lib/python2.7/multiprocessing/process.py", line 114, in run
  File "/home/harms.n/Code/AutoTST/autotst/job/job.py", line 558, in calculate_transitionstate
    self._target(*self._args, **self._kwargs)
  File "/home/harms.n/Code/AutoTST/autotst/job/job.py", line 558, in calculate_transitionstate
    transitionstate, opt_type=opt_type.lower())
  File "/home/harms.n/Code/AutoTST/autotst/job/job.py", line 467, in submit_transitionstate
    ase_calculator = self.calculator.get_shell_calc()
    transitionstate, opt_type=opt_type.lower())
  File "/home/harms.n/Code/AutoTST/autotst/calculator/gaussian.py", line 273, in get_shell_calc
  File "/home/harms.n/Code/AutoTST/autotst/job/job.py", line 467, in submit_transitionstate
    ase_calculator = self.calculator.get_shell_calc()
  File "/home/harms.n/Code/AutoTST/autotst/calculator/gaussian.py", line 273, in get_shell_calc
    self.run()
  File "/home/harms.n/anaconda2/envs/rmg_env/lib/python2.7/multiprocessing/process.py", line 114, in run
    self._target(*self._args, **self._kwargs)
  File "/home/harms.n/Code/AutoTST/autotst/job/job.py", line 558, in calculate_transitionstate
    transitionstate, opt_type=opt_type.lower())
  File "/home/harms.n/Code/AutoTST/autotst/job/job.py", line 467, in submit_transitionstate
    ase_calculator = self.calculator.get_shell_calc()
  File "/home/harms.n/Code/AutoTST/autotst/calculator/gaussian.py", line 273, in get_shell_calc
    ind1 = self.conformer.rmg_molecule.getLabeledAtom("*1")[0].sortingLabel
TypeError: 'rmgpy.molecule.molecule.Atom' object has no attribute '__getitem__'
    ind1 = self.conformer.rmg_molecule.getLabeledAtom("*1")[0].sortingLabel
TypeError: 'rmgpy.molecule.molecule.Atom' object has no attribute '__getitem__'
    ind1 = self.conformer.rmg_molecule.getLabeledAtom("*1")[0].sortingLabel
TypeError: 'rmgpy.molecule.molecule.Atom' object has no attribute '__getitem__'
Process Process-556:
Traceback (most recent call last):
  File "/home/harms.n/anaconda2/envs/rmg_env/lib/python2.7/multiprocessing/process.py", line 267, in _bootstrap
    self.run()
  File "/home/harms.n/anaconda2/envs/rmg_env/lib/python2.7/multiprocessing/process.py", line 114, in run
    self._target(*self._args, **self._kwargs)
  File "/home/harms.n/Code/AutoTST/autotst/job/job.py", line 558, in calculate_transitionstate
    transitionstate, opt_type=opt_type.lower())
  File "/home/harms.n/Code/AutoTST/autotst/job/job.py", line 467, in submit_transitionstate
    ase_calculator = self.calculator.get_shell_calc()
  File "/home/harms.n/Code/AutoTST/autotst/calculator/gaussian.py", line 273, in get_shell_calc
    ind1 = self.conformer.rmg_molecule.getLabeledAtom("*1")[0].sortingLabel
TypeError: 'rmgpy.molecule.molecule.Atom' object has no attribute '__getitem__'
Process Process-488:
Traceback (most recent call last):
  File "/home/harms.n/anaconda2/envs/rmg_env/lib/python2.7/multiprocessing/process.py", line 267, in _bootstrap
Process Process-554:
Traceback (most recent call last):
  File "/home/harms.n/anaconda2/envs/rmg_env/lib/python2.7/multiprocessing/process.py", line 267, in _bootstrap
    self.run()
  File "/home/harms.n/anaconda2/envs/rmg_env/lib/python2.7/multiprocessing/process.py", line 114, in run
    self._target(*self._args, **self._kwargs)
  File "/home/harms.n/Code/AutoTST/autotst/job/job.py", line 558, in calculate_transitionstate
    transitionstate, opt_type=opt_type.lower())
  File "/home/harms.n/Code/AutoTST/autotst/job/job.py", line 467, in submit_transitionstate
    ase_calculator = self.calculator.get_shell_calc()
  File "/home/harms.n/Code/AutoTST/autotst/calculator/gaussian.py", line 273, in get_shell_calc
    self.run()
  File "/home/harms.n/anaconda2/envs/rmg_env/lib/python2.7/multiprocessing/process.py", line 114, in run
    self._target(*self._args, **self._kwargs)
  File "/home/harms.n/Code/AutoTST/autotst/job/job.py", line 558, in calculate_transitionstate
    transitionstate, opt_type=opt_type.lower())
  File "/home/harms.n/Code/AutoTST/autotst/job/job.py", line 467, in submit_transitionstate
    ase_calculator = self.calculator.get_shell_calc()
  File "/home/harms.n/Code/AutoTST/autotst/calculator/gaussian.py", line 273, in get_shell_calc
    ind1 = self.conformer.rmg_molecule.getLabeledAtom("*1")[0].sortingLabel
TypeError: 'rmgpy.molecule.molecule.Atom' object has no attribute '__getitem__'
    ind1 = self.conformer.rmg_molecule.getLabeledAtom("*1")[0].sortingLabel
TypeError: 'rmgpy.molecule.molecule.Atom' object has no attribute '__getitem__'
Process Process-551:
Traceback (most recent call last):
  File "/home/harms.n/anaconda2/envs/rmg_env/lib/python2.7/multiprocessing/process.py", line 267, in _bootstrap
Process Process-555:
Traceback (most recent call last):
  File "/home/harms.n/anaconda2/envs/rmg_env/lib/python2.7/multiprocessing/process.py", line 267, in _bootstrap
    self.run()
  File "/home/harms.n/anaconda2/envs/rmg_env/lib/python2.7/multiprocessing/process.py", line 114, in run
    self._target(*self._args, **self._kwargs)
  File "/home/harms.n/Code/AutoTST/autotst/job/job.py", line 558, in calculate_transitionstate
    transitionstate, opt_type=opt_type.lower())
  File "/home/harms.n/Code/AutoTST/autotst/job/job.py", line 467, in submit_transitionstate
    ase_calculator = self.calculator.get_shell_calc()
  File "/home/harms.n/Code/AutoTST/autotst/calculator/gaussian.py", line 273, in get_shell_calc
    self.run()
  File "/home/harms.n/anaconda2/envs/rmg_env/lib/python2.7/multiprocessing/process.py", line 114, in run
Process Process-550:
    self._target(*self._args, **self._kwargs)
  File "/home/harms.n/Code/AutoTST/autotst/job/job.py", line 558, in calculate_transitionstate
Traceback (most recent call last):
    transitionstate, opt_type=opt_type.lower())
  File "/home/harms.n/Code/AutoTST/autotst/job/job.py", line 467, in submit_transitionstate
    ase_calculator = self.calculator.get_shell_calc()
  File "/home/harms.n/anaconda2/envs/rmg_env/lib/python2.7/multiprocessing/process.py", line 267, in _bootstrap
  File "/home/harms.n/Code/AutoTST/autotst/calculator/gaussian.py", line 273, in get_shell_calc
    ind1 = self.conformer.rmg_molecule.getLabeledAtom("*1")[0].sortingLabel
TypeError: 'rmgpy.molecule.molecule.Atom' object has no attribute '__getitem__'
    ind1 = self.conformer.rmg_molecule.getLabeledAtom("*1")[0].sortingLabel
TypeError: 'rmgpy.molecule.molecule.Atom' object has no attribute '__getitem__'
    self.run()
  File "/home/harms.n/anaconda2/envs/rmg_env/lib/python2.7/multiprocessing/process.py", line 114, in run
    self._target(*self._args, **self._kwargs)
  File "/home/harms.n/Code/AutoTST/autotst/job/job.py", line 558, in calculate_transitionstate
    transitionstate, opt_type=opt_type.lower())
  File "/home/harms.n/Code/AutoTST/autotst/job/job.py", line 467, in submit_transitionstate
    ase_calculator = self.calculator.get_shell_calc()
  File "/home/harms.n/Code/AutoTST/autotst/calculator/gaussian.py", line 273, in get_shell_calc
    ind1 = self.conformer.rmg_molecule.getLabeledAtom("*1")[0].sortingLabel
TypeError: 'rmgpy.molecule.molecule.Atom' object has no attribute '__getitem__'
