Using Theano backend.
/home/harms.n/anaconda2/envs/rmg_env/lib/python2.7/site-packages/h5py/__init__.py:36: FutureWarning: Conversion of the second argument of issubdtype from `float` to `np.floating` is deprecated. In future, it will be treated as `np.float64 == np.dtype(float).type`.
  from ._conv import register_converters as _register_converters
systematic.py:179 systematic_search INFO There are 72 unique conformers generated






 _           _    _     _ _
| |__   ___ | |_ | |__ |_| |_
|  _ \ / _ \|  _||  _ \| |  _|
| | | | ( ) | |_ | ( ) | | |_
|_| |_|\___/ \__|\____/|_|\__|  ver. 0.1 (svn=exported)
Distributed under GNU GPL; see /home/harms.n/Code/hotbit/lib/python/LICENSE
Date: Thu Aug 29 20:17:22 2019
Nodename: c0326
Arch: x86_64
Dir: /home/harms.n/Code/profiling-conformers
System: H6C3O2
       Charge= 0.0
       Container Bravais: pbc:[0,0,0], cell:[0.00,0.00,0.00] Ang, 
   cosines(12,13,23):[nan,nan,nan]
Symmetry operations (if any):
       0: pbc= False , kappa-points=1, M=1
       1: pbc= False , kappa-points=1, M=1
       2: pbc= False , kappa-points=1, M=1
Electronic temperature: 0.02 eV
Mixer: Anderson with memory = 3 , mixing parameter = 0.2
11 atoms, 26 states, 30.0 electrons (15.0 filled states)
Initial n ranges:[0,0] [0,0] [0,0] 
Element O in /home/harms.n/Code/hotbit/param/O.elm
    *no comment
Element C in /home/harms.n/Code/hotbit/param/C.elm
    *fixed set C
Element H in /home/harms.n/Code/hotbit/param/H.elm
    *no comment

Interactions:
  OO in /home/harms.n/Code/hotbit/param/O_O.par
    *no slako doc
  OC in /home/harms.n/Code/hotbit/param/C_O.par
    *no slako doc
  OH in /home/harms.n/Code/hotbit/param/O_H.par
    *no slako doc
  CO in /home/harms.n/Code/hotbit/param/C_O.par
    *no slako doc
  CC in /home/harms.n/Code/hotbit/param/C_C.par
    *test parameters 23.6 2008
    *Quadratic original (r/r0)**2, r0=1.85*r_cov,
    *Original repulsion (probably)
  CH in /home/harms.n/Code/hotbit/param/C_H.par
    *test parameters 23.6 2008
  HO in /home/harms.n/Code/hotbit/param/O_H.par
    *no slako doc
  HC in /home/harms.n/Code/hotbit/param/C_H.par
    *test parameters 23.6 2008
  HH in /home/harms.n/Code/hotbit/param/H_H.par
    *test parameters 23.6 2008

Repulsions:
  OO in /home/harms.n/Code/hotbit/param/O_O.par
    *no repulsion doc
  OC in /home/harms.n/Code/hotbit/param/C_O.par
    *no repulsion doc
  OH in /home/harms.n/Code/hotbit/param/O_H.par
    *no repulsion doc
  CC in /home/harms.n/Code/hotbit/param/C_C.par
    *test parameters 23.6 2008
  CH in /home/harms.n/Code/hotbit/param/C_H.par
    *test parameters 23.6 2008
  HH in /home/harms.n/Code/hotbit/param/H_H.par
    *test parameters 23.6 2008

Memory consumption estimate: > 0.00 GB
Memory consumption estimate: > 0.00 GB
Memory consumption estimate: > 0.00 GB
Memory consumption estimate: > 0.00 GB
Memory consumption estimate: > 0.00 GB
Memory consumption estimate: > 0.00 GB
Memory consumption estimate: > 0.00 GB
Memory consumption estimate: > 0.00 GB
Memory consumption estimate: > 0.00 GB
Memory consumption estimate: > 0.00 GB
Memory consumption estimate: > 0.00 GB
Memory consumption estimate: > 0.00 GB
Memory consumption estimate: > 0.00 GB
Memory consumption estimate: > 0.00 GB
Memory consumption estimate: > 0.00 GB
Memory consumption estimate: > 0.00 GB
Memory consumption estimate: > 0.00 GB
Memory consumption estimate: > 0.00 GB
Memory consumption estimate: > 0.00 GB
Memory consumption estimate: > 0.00 GB
Memory consumption estimate: > 0.00 GB
Memory consumption estimate: > 0.00 GB
Memory consumption estimate: > 0.00 GB
Memory consumption estimate: > 0.00 GB
Memory consumption estimate: > 0.00 GB
Memory consumption estimate: > 0.00 GB
Memory consumption estimate: > 0.00 GB
Memory consumption estimate: > 0.00 GB
Memory consumption estimate: > 0.00 GB
Memory consumption estimate: > 0.00 GB
Memory consumption estimate: > 0.00 GB
Hamiltonian ~91.124 % filled.
Memory consumption estimate: > 0.00 GB
Memory consumption estimate: > 0.00 GB
Memory consumption estimate: > 0.00 GB
Memory consumption estimate: > 0.00 GB
Memory consumption estimate: > 0.00 GB
Memory consumption estimate: > 0.00 GB
Memory consumption estimate: > 0.00 GB
Memory consumption estimate: > 0.00 GB
Hamiltonian ~91.124 % filled.
Memory consumption estimate: > 0.00 GB
Hamiltonian ~90.533 % filled.
Memory consumption estimate: > 0.00 GB
Hamiltonian ~90.533 % filled.
Memory consumption estimate: > 0.00 GB
Memory consumption estimate: > 0.00 GB
Memory consumption estimate: > 0.00 GB
Memory consumption estimate: > 0.00 GB
Memory consumption estimate: > 0.00 GB
Hamiltonian ~91.124 % filled.
Memory consumption estimate: > 0.00 GB
Memory consumption estimate: > 0.00 GB
Hamiltonian ~90.533 % filled.
Hamiltonian ~90.533 % filled.
Hamiltonian ~91.124 % filled.
Hamiltonian ~91.124 % filled.
Hamiltonian ~90.533 % filled.
Hamiltonian ~91.124 % filled.
Hamiltonian ~90.533 % filled.
Hamiltonian ~91.124 % filled.
Hamiltonian ~90.828 % filled.
Hamiltonian ~90.828 % filled.
Hamiltonian ~91.124 % filled.
Hamiltonian ~91.124 % filled.
Hamiltonian ~90.828 % filled.
Hamiltonian ~90.533 % filled.
Hamiltonian ~91.124 % filled.
Hamiltonian ~90.828 % filled.
Hamiltonian ~91.124 % filled.
Hamiltonian ~91.124 % filled.
Hamiltonian ~90.828 % filled.
Hamiltonian ~90.828 % filled.
Hamiltonian ~90.828 % filled.
Hamiltonian ~90.828 % filled.
Hamiltonian ~90.533 % filled.
Hamiltonian ~91.124 % filled.
Hamiltonian ~90.533 % filled.
Hamiltonian ~91.124 % filled.
Hamiltonian ~90.533 % filled.
Hamiltonian ~91.124 % filled.
Hamiltonian ~90.533 % filled.
Hamiltonian ~91.124 % filled.
Hamiltonian ~91.124 % filled.
Hamiltonian ~90.828 % filled.
Hamiltonian ~90.533 % filled.
Hamiltonian ~90.828 % filled.
Hamiltonian ~91.124 % filled.
Hamiltonian ~90.828 % filled.
Hamiltonian ~90.828 % filled.
Hamiltonian ~91.124 % filled.
Hamiltonian ~90.828 % filled.
Hamiltonian ~91.124 % filled.
Hamiltonian ~90.828 % filled.
Hamiltonian ~91.124 % filled.
Hamiltonian ~90.828 % filled.
Memory consumption estimate: > 0.00 GB
Memory consumption estimate: > 0.00 GB
Hamiltonian ~91.124 % filled.
Memory consumption estimate: > 0.00 GB
Memory consumption estimate: > 0.00 GB
Memory consumption estimate: > 0.00 GB
Hamiltonian ~90.533 % filled.
Memory consumption estimate: > 0.00 GB
Memory consumption estimate: > 0.00 GB
Memory consumption estimate: > 0.00 GB
Memory consumption estimate: > 0.00 GB
Hamiltonian ~91.124 % filled.
Hamiltonian ~90.533 % filled.
Memory consumption estimate: > 0.00 GB
Hamiltonian ~91.124 % filled.
Memory consumption estimate: > 0.00 GB
Hamiltonian ~90.533 % filled.
Hamiltonian ~91.124 % filled.
Memory consumption estimate: > 0.00 GB
Hamiltonian ~90.533 % filled.
Memory consumption estimate: > 0.00 GB
Memory consumption estimate: > 0.00 GB
Memory consumption estimate: > 0.00 GB
Hamiltonian ~91.124 % filled.
Hamiltonian ~90.533 % filled.
Memory consumption estimate: > 0.00 GB
Hamiltonian ~91.124 % filled.
Hamiltonian ~90.533 % filled.
Hamiltonian ~90.828 % filled.
Hamiltonian ~90.828 % filled.
Hamiltonian ~91.124 % filled.
Memory consumption estimate: > 0.00 GB
Memory consumption estimate: > 0.00 GB
Memory consumption estimate: > 0.00 GB
Hamiltonian ~90.828 % filled.
Memory consumption estimate: > 0.00 GB
Memory consumption estimate: > 0.00 GB
Memory consumption estimate: > 0.00 GB
Memory consumption estimate: > 0.00 GB
Memory consumption estimate: > 0.00 GB
Hamiltonian ~91.124 % filled.
Hamiltonian ~90.828 % filled.
Hamiltonian ~91.124 % filled.
Hamiltonian ~90.828 % filled.
Hamiltonian ~91.124 % filled.
Hamiltonian ~90.828 % filled.
Hamiltonian ~90.828 % filled.
Hamiltonian ~90.828 % filled.
systematic.py:288 systematic_search INFO We have identified 34 unique conformers for <Conformer "COC=CO">
job.py:67 __init__ INFO Job directory not specified...setting Job directory to calculator directory
job.py:74 __init__ INFO Job scratch directory not specified...setting Job scratch to calculator scratch
job.py:365 calculate_species INFO Calculating geometries for <Species "COC=CO">
job.py:253 calculate_conformer INFO Submitting conformer calculation for COC=CO_30
job.py:253 calculate_conformer INFO Submitting conformer calculation for COC=CO_26
job.py:211 submit_conformer INFO Starting calculations for <Conformer "COC=CO">
job.py:211 submit_conformer INFO Starting calculations for <Conformer "COC=CO">
job.py:253 calculate_conformer INFO Submitting conformer calculation for COC=CO_27
job.py:211 submit_conformer INFO Starting calculations for <Conformer "COC=CO">
job.py:253 calculate_conformer INFO Submitting conformer calculation for COC=CO_28
job.py:253 calculate_conformer INFO Submitting conformer calculation for COC=CO_7
job.py:253 calculate_conformer INFO Submitting conformer calculation for COC=CO_25
job.py:211 submit_conformer INFO Starting calculations for <Conformer "COC=CO">
job.py:211 submit_conformer INFO Starting calculations for <Conformer "COC=CO">
job.py:211 submit_conformer INFO Starting calculations for <Conformer "COC=CO">
job.py:253 calculate_conformer INFO Submitting conformer calculation for COC=CO_8
job.py:211 submit_conformer INFO Starting calculations for <Conformer "COC=CO">
job.py:253 calculate_conformer INFO Submitting conformer calculation for COC=CO_5
job.py:211 submit_conformer INFO Starting calculations for <Conformer "COC=CO">
job.py:253 calculate_conformer INFO Submitting conformer calculation for COC=CO_6
job.py:211 submit_conformer INFO Starting calculations for <Conformer "COC=CO">
job.py:253 calculate_conformer INFO Submitting conformer calculation for COC=CO_11
job.py:211 submit_conformer INFO Starting calculations for <Conformer "COC=CO">
job.py:253 calculate_conformer INFO Submitting conformer calculation for COC=CO_12
job.py:211 submit_conformer INFO Starting calculations for <Conformer "COC=CO">
job.py:253 calculate_conformer INFO Submitting conformer calculation for COC=CO_9
job.py:253 calculate_conformer INFO Submitting conformer calculation for COC=CO_10
job.py:211 submit_conformer INFO Starting calculations for <Conformer "COC=CO">
job.py:211 submit_conformer INFO Starting calculations for <Conformer "COC=CO">
job.py:253 calculate_conformer INFO Submitting conformer calculation for COC=CO_31
job.py:211 submit_conformer INFO Starting calculations for <Conformer "COC=CO">
job.py:253 calculate_conformer INFO Submitting conformer calculation for COC=CO_13
job.py:211 submit_conformer INFO Starting calculations for <Conformer "COC=CO">
job.py:253 calculate_conformer INFO Submitting conformer calculation for COC=CO_14
job.py:253 calculate_conformer INFO Submitting conformer calculation for COC=CO_32
job.py:211 submit_conformer INFO Starting calculations for <Conformer "COC=CO">
job.py:211 submit_conformer INFO Starting calculations for <Conformer "COC=CO">
job.py:253 calculate_conformer INFO Submitting conformer calculation for COC=CO_22
job.py:211 submit_conformer INFO Starting calculations for <Conformer "COC=CO">
job.py:253 calculate_conformer INFO Submitting conformer calculation for COC=CO_21
job.py:211 submit_conformer INFO Starting calculations for <Conformer "COC=CO">
job.py:253 calculate_conformer INFO Submitting conformer calculation for COC=CO_24
job.py:211 submit_conformer INFO Starting calculations for <Conformer "COC=CO">
job.py:253 calculate_conformer INFO Submitting conformer calculation for COC=CO_23
job.py:211 submit_conformer INFO Starting calculations for <Conformer "COC=CO">
job.py:253 calculate_conformer INFO Submitting conformer calculation for COC=CO_33
job.py:253 calculate_conformer INFO Submitting conformer calculation for COC=CO_29
job.py:211 submit_conformer INFO Starting calculations for <Conformer "COC=CO">
job.py:211 submit_conformer INFO Starting calculations for <Conformer "COC=CO">
job.py:253 calculate_conformer INFO Submitting conformer calculation for COC=CO_16
job.py:253 calculate_conformer INFO Submitting conformer calculation for COC=CO_15
job.py:211 submit_conformer INFO Starting calculations for <Conformer "COC=CO">
job.py:211 submit_conformer INFO Starting calculations for <Conformer "COC=CO">
job.py:253 calculate_conformer INFO Submitting conformer calculation for COC=CO_18
job.py:211 submit_conformer INFO Starting calculations for <Conformer "COC=CO">
job.py:253 calculate_conformer INFO Submitting conformer calculation for COC=CO_20
job.py:211 submit_conformer INFO Starting calculations for <Conformer "COC=CO">
job.py:253 calculate_conformer INFO Submitting conformer calculation for COC=CO_17
job.py:253 calculate_conformer INFO Submitting conformer calculation for COC=CO_19
job.py:211 submit_conformer INFO Starting calculations for <Conformer "COC=CO">
job.py:253 calculate_conformer INFO Submitting conformer calculation for COC=CO_4
job.py:211 submit_conformer INFO Starting calculations for <Conformer "COC=CO">
job.py:211 submit_conformer INFO Starting calculations for <Conformer "COC=CO">
job.py:253 calculate_conformer INFO Submitting conformer calculation for COC=CO_3
job.py:211 submit_conformer INFO Starting calculations for <Conformer "COC=CO">
job.py:253 calculate_conformer INFO Submitting conformer calculation for COC=CO_2
job.py:211 submit_conformer INFO Starting calculations for <Conformer "COC=CO">
job.py:253 calculate_conformer INFO Submitting conformer calculation for COC=CO_1
job.py:211 submit_conformer INFO Starting calculations for <Conformer "COC=CO">
job.py:253 calculate_conformer INFO Submitting conformer calculation for COC=CO_0
job.py:211 submit_conformer INFO Starting calculations for <Conformer "COC=CO">
Submitted batch job 6747485
Submitted batch job 6747486
Submitted batch job 6747489
Submitted batch job 6747488
Submitted batch job 6747487
Submitted batch job 6747490
Submitted batch job 6747493
Submitted batch job 6747495
Submitted batch job 6747492
Submitted batch job 6747496
Submitted batch job 6747494
Submitted batch job 6747491
Submitted batch job 6747497
Submitted batch job 6747499
Submitted batch job 6747498
Submitted batch job 6747500
Submitted batch job 6747501
Submitted batch job 6747504
Submitted batch job 6747502
Submitted batch job 6747503
Submitted batch job 6747505
Submitted batch job 6747507
Submitted batch job 6747508
Submitted batch job 6747511
Submitted batch job 6747509
Submitted batch job 6747512
Submitted batch job 6747513
Submitted batch job 6747506
Submitted batch job 6747510
Submitted batch job 6747514
Submitted batch job 6747516
Submitted batch job 6747517
Submitted batch job 6747515
Submitted batch job 6747518
slurmstepd: error: *** JOB 6744155 ON c0326 CANCELLED AT 2019-08-30T20:17:03 DUE TO TIME LIMIT ***
