Using Theano backend.
/home/harms.n/anaconda2/envs/rmg_env/lib/python2.7/site-packages/h5py/__init__.py:36: FutureWarning: Conversion of the second argument of issubdtype from `float` to `np.floating` is deprecated. In future, it will be treated as `np.float64 == np.dtype(float).type`.
  from ._conv import register_converters as _register_converters
reaction.py:169 load_databases INFO Loading RMG database from '/home/harms.n/Code/RMG-database/input'
thermo.py:840 loadLibraries INFO Loading thermodynamics library from primaryThermoLibrary.py in /home/harms.n/Code/RMG-database/input/thermo/libraries...
thermo.py:840 loadLibraries INFO Loading thermodynamics library from thermo_DFT_CCSDTF12_BAC.py in /home/harms.n/Code/RMG-database/input/thermo/libraries...
thermo.py:840 loadLibraries INFO Loading thermodynamics library from CBS_QB3_1dHR.py in /home/harms.n/Code/RMG-database/input/thermo/libraries...
thermo.py:857 loadGroups INFO Loading thermodynamics group database from /home/harms.n/Code/RMG-database/input/thermo/groups...
transport.py:294 loadGroups INFO Loading transport group database from /home/harms.n/Code/RMG-database/input/transport/groups...
statmech.py:529 loadGroups INFO Loading frequencies group database from /home/harms.n/Code/RMG-database/input/statmech/groups...
base.py:220 load INFO Loading transitions state family groups from /home/harms.n/Code/AutoTST/database/R_Addition_MultipleBond/TS_groups.py
base.py:220 load INFO Loading transitions state family groups from /home/harms.n/Code/AutoTST/database/H_Abstraction/TS_groups.py
base.py:220 load INFO Loading transitions state family groups from /home/harms.n/Code/AutoTST/database/intra_H_migration/TS_groups.py
reaction.py:341 get_labeled_reaction INFO Matched reaction to H_Abstraction family
reaction.py:341 get_labeled_reaction INFO Matched reaction to H_Abstraction family
reaction.py:250 generate_distance_data INFO Distance between *1 and *3 is too small, setting it to lower bound of uncertainty
reaction.py:255 generate_distance_data INFO The distance data is as follows: DistanceData(distances={'d12': 1.380401,'d13': 2.426118,'d23': 1.157074,}, uncertainties={'d12': 0.385038,'d13': 0.208449,'d23': 0.303191,}, comment='Matched node C/H3/Cs ([<Entry index=118 label="C/H3/Cs">, <Entry index=262 label="Cdj_CdsCs">])\nMatched node OjO ([<Entry index=126 label="C/H2/Cd/Cd">, <Entry index=32 label="OjO">])\n')
/home/harms.n/.local/lib/python2.7/site-packages/py_rdl/Graph.py:112: UserWarning: trying to add edge that's already present!
  warnings.warn("trying to add edge that's already present!")
reaction.py:701 get_rdkit_mol INFO Initially embedded molecule
reaction.py:706 get_rdkit_mol INFO Getting bounds matrix
reaction.py:710 get_rdkit_mol INFO Editing bounds matrix
reaction.py:741 set_limits INFO For atoms 3 and 7 we have a distance of: 	 1.380401
reaction.py:741 set_limits INFO For atoms 7 and 1 we have a distance of: 	 1.157074
reaction.py:741 set_limits INFO For atoms 3 and 1 we have a distance of: 	 2.4261185
reaction.py:776 bm_pre_edit INFO Changing lower limit 3.65 to 3.26214059416
reaction.py:776 bm_pre_edit INFO Changing lower limit 2.9 to 2.393074
reaction.py:713 get_rdkit_mol INFO Performing triangle smoothing on bounds matrix.
reaction.py:716 get_rdkit_mol INFO Now attempting to embed using edited bounds matrix.
systematic3.py:179 systematic_search INFO There are 36 unique conformers generated






 _           _    _     _ _
| |__   ___ | |_ | |__ |_| |_
|  _ \ / _ \|  _||  _ \| |  _|
| | | | ( ) | |_ | ( ) | | |_
|_| |_|\___/ \__|\____/|_|\__|  ver. 0.1 (svn=exported)
Distributed under GNU GPL; see /home/harms.n/Code/hotbit/lib/python/LICENSE
Date: Thu Sep  5 10:00:09 2019
Nodename: c3046
Arch: x86_64
Dir: /home/harms.n/Code/profiling-conformers
System: H9C3O2
       Charge= 0.0
       Container Bravais: pbc:[0,0,0], cell:[0.00,0.00,0.00] Ang, 
   cosines(12,13,23):[nan,nan,nan]
Symmetry operations (if any):
       0: pbc= False , kappa-points=1, M=1
       1: pbc= False , kappa-points=1, M=1
       2: pbc= False , kappa-points=1, M=1
Electronic temperature: 0.02 eV
Mixer: Anderson with memory = 3 , mixing parameter = 0.2
14 atoms, 29 states, 33.0 electrons (16.5 filled states)
Initial n ranges:[0,0] [0,0] [0,0] 
Element O in /home/harms.n/Code/hotbit/param/O.elm
    *no comment
Element C in /home/harms.n/Code/hotbit/param/C.elm
    *fixed set C
Element H in /home/harms.n/Code/hotbit/param/H.elm
    *no comment

Interactions:
  OO in /home/harms.n/Code/hotbit/param/O_O.par
    *no slako doc
  OC in /home/harms.n/Code/hotbit/param/C_O.par
    *no slako doc
  OH in /home/harms.n/Code/hotbit/param/O_H.par
    *no slako doc
  CO in /home/harms.n/Code/hotbit/param/C_O.par
    *no slako doc
  CC in /home/harms.n/Code/hotbit/param/C_C.par
    *test parameters 23.6 2008
    *Quadratic original (r/r0)**2, r0=1.85*r_cov,
    *Original repulsion (probably)
  CH in /home/harms.n/Code/hotbit/param/C_H.par
    *test parameters 23.6 2008
  HO in /home/harms.n/Code/hotbit/param/O_H.par
    *no slako doc
  HC in /home/harms.n/Code/hotbit/param/C_H.par
    *test parameters 23.6 2008
  HH in /home/harms.n/Code/hotbit/param/H_H.par
    *test parameters 23.6 2008

Repulsions:
  OO in /home/harms.n/Code/hotbit/param/O_O.par
    *no repulsion doc
  OC in /home/harms.n/Code/hotbit/param/C_O.par
    *no repulsion doc
  OH in /home/harms.n/Code/hotbit/param/O_H.par
    *no repulsion doc
  CC in /home/harms.n/Code/hotbit/param/C_C.par
    *test parameters 23.6 2008
  CH in /home/harms.n/Code/hotbit/param/C_H.par
    *test parameters 23.6 2008
  HH in /home/harms.n/Code/hotbit/param/H_H.par
    *test parameters 23.6 2008

Memory consumption estimate: > 0.00 GB
Memory consumption estimate: > 0.00 GB
Memory consumption estimate: > 0.00 GB
Memory consumption estimate: > 0.00 GB
Memory consumption estimate: > 0.00 GB
Memory consumption estimate: > 0.00 GB
Memory consumption estimate: > 0.00 GB
Memory consumption estimate: > 0.00 GB
Memory consumption estimate: > 0.00 GB
Memory consumption estimate: > 0.00 GB
Memory consumption estimate: > 0.00 GB
Memory consumption estimate: > 0.00 GB
Hamiltonian ~92.152 % filled.
Hamiltonian ~90.963 % filled.
Hamiltonian ~90.488 % filled.
Memory consumption estimate: > 0.00 GB
Memory consumption estimate: > 0.00 GB
Hamiltonian ~92.628 % filled.
Hamiltonian ~92.152 % filled.
Hamiltonian ~92.628 % filled.
Hamiltonian ~92.390 % filled.
Memory consumption estimate: > 0.00 GB
Memory consumption estimate: > 0.00 GB
Memory consumption estimate: > 0.00 GB
Memory consumption estimate: > 0.00 GB
Hamiltonian ~91.201 % filled.
Hamiltonian ~91.201 % filled.
Hamiltonian ~90.488 % filled.
Memory consumption estimate: > 0.00 GB
Memory consumption estimate: > 0.00 GB
Hamiltonian ~92.152 % filled.
Hamiltonian ~92.152 % filled.
Hamiltonian ~92.390 % filled.
Hamiltonian ~90.725 % filled.
Hamiltonian ~91.201 % filled.
Hamiltonian ~90.012 % filled.
Hamiltonian ~90.963 % filled.
Hamiltonian ~92.152 % filled.
Hamiltonian ~91.201 % filled.
Hamiltonian ~90.012 % filled.
Memory consumption estimate: > 0.00 GB
Hamiltonian ~90.012 % filled.
Memory consumption estimate: > 0.00 GB
Memory consumption estimate: > 0.00 GB
Hamiltonian ~89.061 % filled.
Hamiltonian ~90.012 % filled.
Memory consumption estimate: > 0.00 GB
Hamiltonian ~90.012 % filled.
Memory consumption estimate: > 0.00 GB
Memory consumption estimate: > 0.00 GB
Hamiltonian ~92.152 % filled.
Hamiltonian ~92.152 % filled.
Memory consumption estimate: > 0.00 GB
Hamiltonian ~90.963 % filled.
Memory consumption estimate: > 0.00 GB
Hamiltonian ~90.250 % filled.
Memory consumption estimate: > 0.00 GB
Memory consumption estimate: > 0.00 GB
Hamiltonian ~90.963 % filled.
Hamiltonian ~92.152 % filled.
Memory consumption estimate: > 0.00 GB
Hamiltonian ~92.390 % filled.
Memory consumption estimate: > 0.00 GB
Hamiltonian ~92.152 % filled.
Memory consumption estimate: > 0.00 GB
Hamiltonian ~90.725 % filled.
Memory consumption estimate: > 0.00 GB
Hamiltonian ~90.250 % filled.
Memory consumption estimate: > 0.00 GB
Hamiltonian ~91.201 % filled.
Memory consumption estimate: > 0.00 GB
Hamiltonian ~92.390 % filled.
systematic3.py:291 systematic_search INFO We have identified 7 unique conformers for <TS "CCC.[O]O">
job.py:67 __init__ INFO Job directory not specified...setting Job directory to calculator directory
job.py:74 __init__ INFO Job scratch directory not specified...setting Job scratch to calculator scratch
job.py:606 calculate_reaction INFO Calculating geometries for <Reaction "CCC+[O]O_[CH2]CC+OO">
job.py:557 calculate_transitionstate INFO Submitting SHELL calculations for CCC+[O]O_[CH2]CC+OO_reverse_0
job.py:557 calculate_transitionstate INFO Submitting SHELL calculations for CCC+[O]O_[CH2]CC+OO_forward_5
job.py:557 calculate_transitionstate INFO Submitting SHELL calculations for CCC+[O]O_[CH2]CC+OO_forward_6
reaction.py:701 get_rdkit_mol INFO Initially embedded molecule
reaction.py:706 get_rdkit_mol INFO Getting bounds matrix
reaction.py:710 get_rdkit_mol INFO Editing bounds matrix
reaction.py:741 set_limits INFO For atoms 1 and 13 we have a distance of: 	 1.380401
reaction.py:741 set_limits INFO For atoms 13 and 4 we have a distance of: 	 1.157074
reaction.py:741 set_limits INFO For atoms 1 and 4 we have a distance of: 	 2.4261185
reaction.py:776 bm_pre_edit INFO Changing lower limit 3.65 to 2.99981713735
reaction.py:776 bm_pre_edit INFO Changing lower limit 3.15 to 2.591074
reaction.py:776 bm_pre_edit INFO Changing lower limit 2.4 to 2.18647479488
reaction.py:776 bm_pre_edit INFO Changing lower limit 2.4 to 2.18647479488
reaction.py:713 get_rdkit_mol INFO Performing triangle smoothing on bounds matrix.
reaction.py:716 get_rdkit_mol INFO Now attempting to embed using edited bounds matrix.
job.py:557 calculate_transitionstate INFO Submitting SHELL calculations for CCC+[O]O_[CH2]CC+OO_forward_3
job.py:557 calculate_transitionstate INFO Submitting SHELL calculations for CCC+[O]O_[CH2]CC+OO_forward_4
job.py:557 calculate_transitionstate INFO Submitting SHELL calculations for CCC+[O]O_[CH2]CC+OO_forward_1
job.py:557 calculate_transitionstate INFO Submitting SHELL calculations for CCC+[O]O_[CH2]CC+OO_forward_2
job.py:557 calculate_transitionstate INFO Submitting SHELL calculations for CCC+[O]O_[CH2]CC+OO_forward_0
Submitted batch job 6796285
Submitted batch job 6796286
Submitted batch job 6796287
Submitted batch job 6796288
Submitted batch job 6796289
Submitted batch job 6796290
Submitted batch job 6796291
Submitted batch job 6796292
job.py:585 calculate_transitionstate INFO CCC+[O]O_[CH2]CC+OO_forward_6 successfully completed the SHELL optimization!
job.py:557 calculate_transitionstate INFO Submitting OVERALL calculations for CCC+[O]O_[CH2]CC+OO_forward_6
Submitted batch job 6801687
job.py:585 calculate_transitionstate INFO CCC+[O]O_[CH2]CC+OO_forward_0 successfully completed the SHELL optimization!
job.py:557 calculate_transitionstate INFO Submitting OVERALL calculations for CCC+[O]O_[CH2]CC+OO_forward_0
Submitted batch job 6801805
job.py:585 calculate_transitionstate INFO CCC+[O]O_[CH2]CC+OO_forward_2 successfully completed the SHELL optimization!
job.py:557 calculate_transitionstate INFO Submitting OVERALL calculations for CCC+[O]O_[CH2]CC+OO_forward_2
Submitted batch job 6801813
job.py:585 calculate_transitionstate INFO CCC+[O]O_[CH2]CC+OO_forward_5 successfully completed the SHELL optimization!
job.py:557 calculate_transitionstate INFO Submitting OVERALL calculations for CCC+[O]O_[CH2]CC+OO_forward_5
Submitted batch job 6802404
job.py:585 calculate_transitionstate INFO CCC+[O]O_[CH2]CC+OO_forward_1 successfully completed the SHELL optimization!
job.py:557 calculate_transitionstate INFO Submitting OVERALL calculations for CCC+[O]O_[CH2]CC+OO_forward_1
Submitted batch job 6803711
job.py:585 calculate_transitionstate INFO CCC+[O]O_[CH2]CC+OO_forward_3 successfully completed the SHELL optimization!
job.py:557 calculate_transitionstate INFO Submitting OVERALL calculations for CCC+[O]O_[CH2]CC+OO_forward_3
Submitted batch job 6805240
job.py:585 calculate_transitionstate INFO CCC+[O]O_[CH2]CC+OO_forward_4 successfully completed the SHELL optimization!
job.py:557 calculate_transitionstate INFO Submitting OVERALL calculations for CCC+[O]O_[CH2]CC+OO_forward_4
Submitted batch job 6808365
job.py:585 calculate_transitionstate INFO CCC+[O]O_[CH2]CC+OO_forward_5 successfully completed the OVERALL optimization!
job.py:590 calculate_transitionstate INFO Calculations for CCC+[O]O_[CH2]CC+OO_forward_5 are complete and resulted in a normal termination!
vibrational_analysis.py:224 validate_ts INFO Vibrational analysis was successful
job.py:712 validate_transitionstate INFO Validated via Vibrational Analysis
job.py:581 calculate_transitionstate INFO CCC+[O]O_[CH2]CC+OO_reverse_0 failed the SHELL optimization
job.py:585 calculate_transitionstate INFO CCC+[O]O_[CH2]CC+OO_forward_6 successfully completed the OVERALL optimization!
job.py:590 calculate_transitionstate INFO Calculations for CCC+[O]O_[CH2]CC+OO_forward_6 are complete and resulted in a normal termination!
vibrational_analysis.py:224 validate_ts INFO Vibrational analysis was successful
job.py:712 validate_transitionstate INFO Validated via Vibrational Analysis
job.py:585 calculate_transitionstate INFO CCC+[O]O_[CH2]CC+OO_forward_0 successfully completed the OVERALL optimization!
job.py:590 calculate_transitionstate INFO Calculations for CCC+[O]O_[CH2]CC+OO_forward_0 are complete and resulted in a normal termination!
vibrational_analysis.py:224 validate_ts INFO Vibrational analysis was successful
job.py:712 validate_transitionstate INFO Validated via Vibrational Analysis
job.py:585 calculate_transitionstate INFO CCC+[O]O_[CH2]CC+OO_forward_2 successfully completed the OVERALL optimization!
job.py:590 calculate_transitionstate INFO Calculations for CCC+[O]O_[CH2]CC+OO_forward_2 are complete and resulted in a normal termination!
vibrational_analysis.py:224 validate_ts INFO Vibrational analysis was successful
job.py:712 validate_transitionstate INFO Validated via Vibrational Analysis
job.py:585 calculate_transitionstate INFO CCC+[O]O_[CH2]CC+OO_forward_1 successfully completed the OVERALL optimization!
job.py:590 calculate_transitionstate INFO Calculations for CCC+[O]O_[CH2]CC+OO_forward_1 are complete and resulted in a normal termination!
vibrational_analysis.py:224 validate_ts INFO Vibrational analysis was successful
job.py:712 validate_transitionstate INFO Validated via Vibrational Analysis
job.py:585 calculate_transitionstate INFO CCC+[O]O_[CH2]CC+OO_forward_3 successfully completed the OVERALL optimization!
job.py:590 calculate_transitionstate INFO Calculations for CCC+[O]O_[CH2]CC+OO_forward_3 are complete and resulted in a normal termination!
vibrational_analysis.py:224 validate_ts INFO Vibrational analysis was successful
job.py:712 validate_transitionstate INFO Validated via Vibrational Analysis
job.py:585 calculate_transitionstate INFO CCC+[O]O_[CH2]CC+OO_forward_4 successfully completed the OVERALL optimization!
job.py:590 calculate_transitionstate INFO Calculations for CCC+[O]O_[CH2]CC+OO_forward_4 are complete and resulted in a normal termination!
vibrational_analysis.py:224 validate_ts INFO Vibrational analysis was successful
job.py:712 validate_transitionstate INFO Validated via Vibrational Analysis
job.py:647 calculate_reaction INFO Calculations for CCC+[O]O_[CH2]CC+OO_reverse_0 FAILED
job.py:652 calculate_reaction INFO It appears that CCC+[O]O_[CH2]CC+OO_reverse_0.log failed...
job.py:678 calculate_reaction INFO The lowest energy transition state is CCC+[O]O_[CH2]CC+OO_forward_0.log
job.py:687 calculate_reaction INFO The lowest energy file is CCC+[O]O_[CH2]CC+OO_forward_0.log.log! :)
Solved zero times.

Timing:
            label                    time     calls    %sub  %covered   %tot
-------------------------------------------------------------------------------
Hotbit                          173279.109         1 (100.0 %,  0.0 %) 100.0 % |000000000000000000000000000000|
../initialization                    0.257         1 (  0.0 %        )   0.0 % ||
 -------------------------------------------------------------------------------
total time   173279.109 seconds      48 h  7 min  59 sec
Sat Sep  7 10:08:08 2019
